#
# A fatal error has been detected by the Java Runtime Environment:
#
#  EXCEPTION_ACCESS_VIOLATION (0xc0000005) at pc=0x00007fff6ebde4c3, pid=13264, tid=16220
#
# JRE version: Java(TM) SE Runtime Environment 18.9 (11.0.7+8) (build 11.0.7+8-LTS)
# Java VM: Java HotSpot(TM) 64-Bit Server VM 18.9 (11.0.7+8-LTS, mixed mode, tiered, compressed oops, g1 gc, windows-amd64)
# Problematic frame:
# V  [jvm.dll+0x55e4c3]
#
# No core dump will be written. Minidumps are not enabled by default on client versions of Windows
#
# If you would like to submit a bug report, please visit:
#   https://bugreport.java.com/bugreport/crash.jsp
#

---------------  S U M M A R Y ------------

Command Line: ./RankLib-2.16.jar -load ./rank_model/salt/salt_LambdaMART_model.txt -rank ../data_processing_engineering/rank_data/salt/salt_temp_svm_rank_format_data.txt -indri ../data_processing_engineering/rank_data/salt/salt_myScoreFile.txt

Host: AMD Ryzen 7 4800H with Radeon Graphics         , 16 cores, 15G,  Windows 10 , 64 bit Build 19041 (10.0.19041.1466)
Time: Tue Jan 18 05:01:38 2022 中国标准时间 elapsed time: 0 seconds (0d 0h 0m 0s)

---------------  T H R E A D  ---------------

Current thread (0x00000166e404d000):  JavaThread "C1 CompilerThread0" daemon [_thread_in_vm, id=16220, stack(0x000000451b300000,0x000000451b400000)]


Current CompileTask:
C1:    236  721       3       com.sun.org.apache.xerces.internal.dom.NamedNodeMapImpl::getNamedItem (29 bytes)

Stack: [0x000000451b300000,0x000000451b400000],  sp=0x000000451b3fe580,  free space=1017k
Native frames: (J=compiled Java code, j=interpreted, Vv=VM code, C=native code)
V  [jvm.dll+0x55e4c3]
V  [jvm.dll+0x55f147]
V  [jvm.dll+0x55d8e8]
V  [jvm.dll+0x1b1aaf]
V  [jvm.dll+0x1b1712]
V  [jvm.dll+0x1c92aa]
V  [jvm.dll+0x1bbaf3]
V  [jvm.dll+0x1462c1]
V  [jvm.dll+0x126bd7]
V  [jvm.dll+0x133340]
V  [jvm.dll+0x134669]
V  [jvm.dll+0x13a25e]
V  [jvm.dll+0x13112b]
V  [jvm.dll+0x143587]
V  [jvm.dll+0x1433c4]
V  [jvm.dll+0x12c0a6]
V  [jvm.dll+0x12c422]
V  [jvm.dll+0x12c74f]
V  [jvm.dll+0x12b8c7]
V  [jvm.dll+0x12d967]
V  [jvm.dll+0x226c74]
V  [jvm.dll+0x224e98]
V  [jvm.dll+0x765e25]
V  [jvm.dll+0x75e875]
V  [jvm.dll+0x660b26]
C  [ucrtbase.dll+0x21bb2]
C  [KERNEL32.DLL+0x17034]
C  [ntdll.dll+0x52651]


siginfo: EXCEPTION_ACCESS_VIOLATION (0xc0000005), writing address 0x0000000000000011


Register to memory mapping:

RIP=0x00007fff6ebde4c3 jvm.dll
RAX={method} {0x00000166e38ebd00} 'get' '(I)Ljava/lang/Object;' in 'java/util/List'
RBX=0x00000000000000b9 is an unknown value
RCX=0x0000000000000401 is an unknown value
RDX=0x0000000000000004 is an unknown value
RSP=0x000000451b3fe580 is pointing into the stack for thread: 0x00000166e404d000
RBP=0x00000166e404d000 is a thread
RSI=0x00000166e3689948 points into unknown readable memory: 15 00 ff ff fa fe 28 49
RDI=0x00000166e3683810 points into unknown readable memory: 03 00 ff ff 36 dc 67 65
R8 ={method} {0x00000166e38ebd00} 'get' '(I)Ljava/lang/Object;' in 'java/util/List'
R9 =0x00000166e3683810 points into unknown readable memory: 03 00 ff ff 36 dc 67 65
R10=0x0 is NULL
R11=0x00000166e38ebcb8 is pointing into metadata
R12=0x00000166e3683810 points into unknown readable memory: 03 00 ff ff 36 dc 67 65
R13=0x00000166e51d22c0 points into unknown readable memory: c0 9d f0 6e ff 7f 00 00
R14=0x0 is NULL
R15=0x0000000800027910 is a pointer to class: 
java.util.List {0x0000000800027918}


Registers:
RAX=0x00000166e38ebcf8, RBX=0x00000000000000b9, RCX=0x0000000000000401, RDX=0x0000000000000004
RSP=0x000000451b3fe580, RBP=0x00000166e404d000, RSI=0x00000166e3689948, RDI=0x00000166e3683810
R8 =0x00000166e38ebcf8, R9 =0x00000166e3683810, R10=0x0000000000000000, R11=0x00000166e38ebcb8
R12=0x00000166e3683810, R13=0x00000166e51d22c0, R14=0x0000000000000000, R15=0x0000000800027910
RIP=0x00007fff6ebde4c3, EFLAGS=0x0000000000010213

Top of Stack: (sp=0x000000451b3fe580)
0x000000451b3fe580:   0000000800027910 0000000800027910
0x000000451b3fe590:   0000000000000001 00000166e3689948
0x000000451b3fe5a0:   0000004500000000 00000166e404d000
0x000000451b3fe5b0:   00000166e3689948 00007fff6ebdf147
0x000000451b3fe5c0:   00000000000000b9 00000166e404d000
0x000000451b3fe5d0:   000000451b3fe7f8 000000451b3fe780
0x000000451b3fe5e0:   0000000000000000 00007fff6ecb3635
0x000000451b3fe5f0:   0000000000000000 000000451b3fe790
0x000000451b3fe600:   00000166e367ff20 00000166befa2e90
0x000000451b3fe610:   0000000000000000 00007fff6e831694
0x000000451b3fe620:   0000000000000000 0000000000000000
0x000000451b3fe630:   0000000800001000 0000000000000000
0x000000451b3fe640:   00000166e3689948 00000166e51d22c0
0x000000451b3fe650:   00000166e3683810 0000000000000000
0x000000451b3fe660:   0000000000000000 0000000000000000
0x000000451b3fe670:   000000451b3fe790 00007fff6ed64ded 

Instructions: (pc=0x00007fff6ebde4c3)
0x00007fff6ebde4a3:   8b d7 e8 46 bc e1 ff 4c 8b c0 45 84 f6 74 21 4d
0x00007fff6ebde4b3:   85 c0 74 1c 41 0f b7 40 28 b9 1b 01 00 00 66 3b
0x00007fff6ebde4c3:   c1 72 0d b9 20 01 00 00 66 3b c1 77 03 45 33 c0
0x00007fff6ebde4d3:   48 8b 5c 24 40 49 8b c0 48 8b 6c 24 48 48 8b 74 


Stack slot to memory mapping:
stack at sp + 0 slots: 0x0000000800027910 is a pointer to class: 
java.util.List {0x0000000800027918}
stack at sp + 1 slots: 0x0000000800027910 is a pointer to class: 
java.util.List {0x0000000800027918}
stack at sp + 2 slots: 0x0000000000000001 is an unknown value
stack at sp + 3 slots: 0x00000166e3689948 points into unknown readable memory: 15 00 ff ff fa fe 28 49
stack at sp + 4 slots: 0x0000004500000000 is an unknown value
stack at sp + 5 slots: 0x00000166e404d000 is a thread
stack at sp + 6 slots: 0x00000166e3689948 points into unknown readable memory: 15 00 ff ff fa fe 28 49
stack at sp + 7 slots: 0x00007fff6ebdf147 jvm.dll


---------------  P R O C E S S  ---------------

Threads class SMR info:
_java_thread_list=0x00000166e4618920, length=19, elements={
0x00000166befa6800, 0x00000166e3fa8800, 0x00000166e3fca000, 0x00000166e4045000,
0x00000166e4047000, 0x00000166e4048000, 0x00000166e404d000, 0x00000166e404e800,
0x00000166e41c2000, 0x00000166e41ee800, 0x00000166e41f0800, 0x00000166e45b7000,
0x00000166e4268000, 0x00000166e4269000, 0x00000166e45b2800, 0x00000166e45b3800,
0x00000166e476e800, 0x00000166e48bb800, 0x00000166e510d800
}

Java Threads: ( => current thread )
  0x00000166befa6800 JavaThread "main" [_thread_blocked, id=19228, stack(0x000000451a700000,0x000000451a800000)]
  0x00000166e3fa8800 JavaThread "Reference Handler" daemon [_thread_blocked, id=2092, stack(0x000000451ae00000,0x000000451af00000)]
  0x00000166e3fca000 JavaThread "Finalizer" daemon [_thread_blocked, id=14296, stack(0x000000451af00000,0x000000451b000000)]
  0x00000166e4045000 JavaThread "Signal Dispatcher" daemon [_thread_blocked, id=11536, stack(0x000000451b000000,0x000000451b100000)]
  0x00000166e4047000 JavaThread "Attach Listener" daemon [_thread_blocked, id=16184, stack(0x000000451b100000,0x000000451b200000)]
  0x00000166e4048000 JavaThread "C2 CompilerThread0" daemon [_thread_blocked, id=4144, stack(0x000000451b200000,0x000000451b300000)]
=>0x00000166e404d000 JavaThread "C1 CompilerThread0" daemon [_thread_in_vm, id=16220, stack(0x000000451b300000,0x000000451b400000)]
  0x00000166e404e800 JavaThread "Sweeper thread" daemon [_thread_blocked, id=3204, stack(0x000000451b400000,0x000000451b500000)]
  0x00000166e41c2000 JavaThread "C1 CompilerThread1" daemon [_thread_blocked, id=21360, stack(0x000000451b500000,0x000000451b600000)]
  0x00000166e41ee800 JavaThread "Service Thread" daemon [_thread_blocked, id=11488, stack(0x000000451b600000,0x000000451b700000)]
  0x00000166e41f0800 JavaThread "Common-Cleaner" daemon [_thread_blocked, id=21156, stack(0x000000451b800000,0x000000451b900000)]
  0x00000166e45b7000 JavaThread "C2 CompilerThread1" daemon [_thread_blocked, id=10868, stack(0x000000451b900000,0x000000451ba00000)]
  0x00000166e4268000 JavaThread "C2 CompilerThread2" daemon [_thread_blocked, id=9980, stack(0x000000451ba00000,0x000000451bb00000)]
  0x00000166e4269000 JavaThread "C2 CompilerThread3" daemon [_thread_blocked, id=13984, stack(0x000000451bb00000,0x000000451bc00000)]
  0x00000166e45b2800 JavaThread "C2 CompilerThread4" daemon [_thread_in_native, id=13676, stack(0x000000451bc00000,0x000000451bd00000)]
  0x00000166e45b3800 JavaThread "C2 CompilerThread5" daemon [_thread_blocked, id=19308, stack(0x000000451bd00000,0x000000451be00000)]
  0x00000166e476e800 JavaThread "C1 CompilerThread2" daemon [_thread_blocked, id=3724, stack(0x000000451be00000,0x000000451bf00000)]
  0x00000166e48bb800 JavaThread "C1 CompilerThread3" daemon [_thread_blocked, id=23924, stack(0x000000451bf00000,0x000000451c000000)]
  0x00000166e510d800 JavaThread "C2 CompilerThread6" daemon [_thread_blocked, id=3788, stack(0x000000451c000000,0x000000451c100000)]

Other Threads:
  0x00000166e3fa7000 VMThread "VM Thread" [stack: 0x000000451ad00000,0x000000451ae00000] [id=4004]
  0x00000166e41ef800 WatcherThread [stack: 0x000000451b700000,0x000000451b800000] [id=7532]
  0x00000166befbe800 GCTaskThread "GC Thread#0" [stack: 0x000000451a800000,0x000000451a900000] [id=13280]
  0x00000166bf018800 ConcurrentGCThread "G1 Main Marker" [stack: 0x000000451a900000,0x000000451aa00000] [id=15152]
  0x00000166bf01a000 ConcurrentGCThread "G1 Conc#0" [stack: 0x000000451aa00000,0x000000451ab00000] [id=12424]
  0x00000166e3605800 ConcurrentGCThread "G1 Refine#0" [stack: 0x000000451ab00000,0x000000451ac00000] [id=20680]
  0x00000166e3606800 ConcurrentGCThread "G1 Young RemSet Sampling" [stack: 0x000000451ac00000,0x000000451ad00000] [id=11120]

Threads with active compile tasks:
C2 CompilerThread0 587       4       com.sun.org.apache.xerces.internal.impl.XMLDocumentFragmentScannerImpl::scanStartElement (446 bytes)
C1 CompilerThread0 721       3       com.sun.org.apache.xerces.internal.dom.NamedNodeMapImpl::getNamedItem (29 bytes)
C2 CompilerThread4 586       4       com.sun.org.apache.xerces.internal.parsers.AbstractDOMParser::startElement (876 bytes)
C2 CompilerThread5 708       4       com.sun.org.apache.xerces.internal.dom.DeepNodeListImpl::nextMatchingElementAfter (311 bytes)

VM state:synchronizing (normal execution)

VM Mutex/Monitor currently owned by a thread:  ([mutex/lock_event])
[0x00000166befa2b30] Threads_lock - owner thread: 0x00000166e3fa7000

Heap address: 0x000000070a000000, size: 3936 MB, Compressed Oops mode: Zero based, Oop shift amount: 3
Narrow klass base: 0x0000000800000000, Narrow klass shift: 0
Compressed class space size: 1073741824 Address: 0x0000000800000000

Heap:
 garbage-first heap   total 251904K, used 9216K [0x000000070a000000, 0x0000000800000000)
  region size 1024K, 11 young (11264K), 0 survivors (0K)
 Metaspace       used 8717K, capacity 8892K, committed 9088K, reserved 1056768K
  class space    used 770K, capacity 841K, committed 896K, reserved 1048576K
Heap Regions: E=young(eden), S=young(survivor), O=old, HS=humongous(starts), HC=humongous(continues), CS=collection set, F=free, A=archive, TAMS=top-at-mark-start (previous, next)
|   0|0x000000070a000000, 0x000000070a000000, 0x000000070a100000|  0%| F|  |TAMS 0x000000070a000000, 0x000000070a000000| Untracked 
|   1|0x000000070a100000, 0x000000070a100000, 0x000000070a200000|  0%| F|  |TAMS 0x000000070a100000, 0x000000070a100000| Untracked 
|   2|0x000000070a200000, 0x000000070a200000, 0x000000070a300000|  0%| F|  |TAMS 0x000000070a200000, 0x000000070a200000| Untracked 
|   3|0x000000070a300000, 0x000000070a300000, 0x000000070a400000|  0%| F|  |TAMS 0x000000070a300000, 0x000000070a300000| Untracked 
|   4|0x000000070a400000, 0x000000070a400000, 0x000000070a500000|  0%| F|  |TAMS 0x000000070a400000, 0x000000070a400000| Untracked 
|   5|0x000000070a500000, 0x000000070a500000, 0x000000070a600000|  0%| F|  |TAMS 0x000000070a500000, 0x000000070a500000| Untracked 
|   6|0x000000070a600000, 0x000000070a600000, 0x000000070a700000|  0%| F|  |TAMS 0x000000070a600000, 0x000000070a600000| Untracked 
|   7|0x000000070a700000, 0x000000070a700000, 0x000000070a800000|  0%| F|  |TAMS 0x000000070a700000, 0x000000070a700000| Untracked 
|   8|0x000000070a800000, 0x000000070a800000, 0x000000070a900000|  0%| F|  |TAMS 0x000000070a800000, 0x000000070a800000| Untracked 
|   9|0x000000070a900000, 0x000000070a900000, 0x000000070aa00000|  0%| F|  |TAMS 0x000000070a900000, 0x000000070a900000| Untracked 
|  10|0x000000070aa00000, 0x000000070aa00000, 0x000000070ab00000|  0%| F|  |TAMS 0x000000070aa00000, 0x000000070aa00000| Untracked 
|  11|0x000000070ab00000, 0x000000070ab00000, 0x000000070ac00000|  0%| F|  |TAMS 0x000000070ab00000, 0x000000070ab00000| Untracked 
|  12|0x000000070ac00000, 0x000000070ac00000, 0x000000070ad00000|  0%| F|  |TAMS 0x000000070ac00000, 0x000000070ac00000| Untracked 
|  13|0x000000070ad00000, 0x000000070ad00000, 0x000000070ae00000|  0%| F|  |TAMS 0x000000070ad00000, 0x000000070ad00000| Untracked 
|  14|0x000000070ae00000, 0x000000070ae00000, 0x000000070af00000|  0%| F|  |TAMS 0x000000070ae00000, 0x000000070ae00000| Untracked 
|  15|0x000000070af00000, 0x000000070af00000, 0x000000070b000000|  0%| F|  |TAMS 0x000000070af00000, 0x000000070af00000| Untracked 
|  16|0x000000070b000000, 0x000000070b000000, 0x000000070b100000|  0%| F|  |TAMS 0x000000070b000000, 0x000000070b000000| Untracked 
|  17|0x000000070b100000, 0x000000070b100000, 0x000000070b200000|  0%| F|  |TAMS 0x000000070b100000, 0x000000070b100000| Untracked 
|  18|0x000000070b200000, 0x000000070b200000, 0x000000070b300000|  0%| F|  |TAMS 0x000000070b200000, 0x000000070b200000| Untracked 
|  19|0x000000070b300000, 0x000000070b300000, 0x000000070b400000|  0%| F|  |TAMS 0x000000070b300000, 0x000000070b300000| Untracked 
|  20|0x000000070b400000, 0x000000070b400000, 0x000000070b500000|  0%| F|  |TAMS 0x000000070b400000, 0x000000070b400000| Untracked 
|  21|0x000000070b500000, 0x000000070b500000, 0x000000070b600000|  0%| F|  |TAMS 0x000000070b500000, 0x000000070b500000| Untracked 
|  22|0x000000070b600000, 0x000000070b600000, 0x000000070b700000|  0%| F|  |TAMS 0x000000070b600000, 0x000000070b600000| Untracked 
|  23|0x000000070b700000, 0x000000070b700000, 0x000000070b800000|  0%| F|  |TAMS 0x000000070b700000, 0x000000070b700000| Untracked 
|  24|0x000000070b800000, 0x000000070b800000, 0x000000070b900000|  0%| F|  |TAMS 0x000000070b800000, 0x000000070b800000| Untracked 
|  25|0x000000070b900000, 0x000000070b900000, 0x000000070ba00000|  0%| F|  |TAMS 0x000000070b900000, 0x000000070b900000| Untracked 
|  26|0x000000070ba00000, 0x000000070ba00000, 0x000000070bb00000|  0%| F|  |TAMS 0x000000070ba00000, 0x000000070ba00000| Untracked 
|  27|0x000000070bb00000, 0x000000070bb00000, 0x000000070bc00000|  0%| F|  |TAMS 0x000000070bb00000, 0x000000070bb00000| Untracked 
|  28|0x000000070bc00000, 0x000000070bc00000, 0x000000070bd00000|  0%| F|  |TAMS 0x000000070bc00000, 0x000000070bc00000| Untracked 
|  29|0x000000070bd00000, 0x000000070bd00000, 0x000000070be00000|  0%| F|  |TAMS 0x000000070bd00000, 0x000000070bd00000| Untracked 
|  30|0x000000070be00000, 0x000000070be00000, 0x000000070bf00000|  0%| F|  |TAMS 0x000000070be00000, 0x000000070be00000| Untracked 
|  31|0x000000070bf00000, 0x000000070bf00000, 0x000000070c000000|  0%| F|  |TAMS 0x000000070bf00000, 0x000000070bf00000| Untracked 
|  32|0x000000070c000000, 0x000000070c000000, 0x000000070c100000|  0%| F|  |TAMS 0x000000070c000000, 0x000000070c000000| Untracked 
|  33|0x000000070c100000, 0x000000070c100000, 0x000000070c200000|  0%| F|  |TAMS 0x000000070c100000, 0x000000070c100000| Untracked 
|  34|0x000000070c200000, 0x000000070c200000, 0x000000070c300000|  0%| F|  |TAMS 0x000000070c200000, 0x000000070c200000| Untracked 
|  35|0x000000070c300000, 0x000000070c300000, 0x000000070c400000|  0%| F|  |TAMS 0x000000070c300000, 0x000000070c300000| Untracked 
|  36|0x000000070c400000, 0x000000070c400000, 0x000000070c500000|  0%| F|  |TAMS 0x000000070c400000, 0x000000070c400000| Untracked 
|  37|0x000000070c500000, 0x000000070c500000, 0x000000070c600000|  0%| F|  |TAMS 0x000000070c500000, 0x000000070c500000| Untracked 
|  38|0x000000070c600000, 0x000000070c600000, 0x000000070c700000|  0%| F|  |TAMS 0x000000070c600000, 0x000000070c600000| Untracked 
|  39|0x000000070c700000, 0x000000070c700000, 0x000000070c800000|  0%| F|  |TAMS 0x000000070c700000, 0x000000070c700000| Untracked 
|  40|0x000000070c800000, 0x000000070c800000, 0x000000070c900000|  0%| F|  |TAMS 0x000000070c800000, 0x000000070c800000| Untracked 
|  41|0x000000070c900000, 0x000000070c900000, 0x000000070ca00000|  0%| F|  |TAMS 0x000000070c900000, 0x000000070c900000| Untracked 
|  42|0x000000070ca00000, 0x000000070ca00000, 0x000000070cb00000|  0%| F|  |TAMS 0x000000070ca00000, 0x000000070ca00000| Untracked 
|  43|0x000000070cb00000, 0x000000070cb00000, 0x000000070cc00000|  0%| F|  |TAMS 0x000000070cb00000, 0x000000070cb00000| Untracked 
|  44|0x000000070cc00000, 0x000000070cc00000, 0x000000070cd00000|  0%| F|  |TAMS 0x000000070cc00000, 0x000000070cc00000| Untracked 
|  45|0x000000070cd00000, 0x000000070cd00000, 0x000000070ce00000|  0%| F|  |TAMS 0x000000070cd00000, 0x000000070cd00000| Untracked 
|  46|0x000000070ce00000, 0x000000070ce00000, 0x000000070cf00000|  0%| F|  |TAMS 0x000000070ce00000, 0x000000070ce00000| Untracked 
|  47|0x000000070cf00000, 0x000000070cf00000, 0x000000070d000000|  0%| F|  |TAMS 0x000000070cf00000, 0x000000070cf00000| Untracked 
|  48|0x000000070d000000, 0x000000070d000000, 0x000000070d100000|  0%| F|  |TAMS 0x000000070d000000, 0x000000070d000000| Untracked 
|  49|0x000000070d100000, 0x000000070d100000, 0x000000070d200000|  0%| F|  |TAMS 0x000000070d100000, 0x000000070d100000| Untracked 
|  50|0x000000070d200000, 0x000000070d200000, 0x000000070d300000|  0%| F|  |TAMS 0x000000070d200000, 0x000000070d200000| Untracked 
|  51|0x000000070d300000, 0x000000070d300000, 0x000000070d400000|  0%| F|  |TAMS 0x000000070d300000, 0x000000070d300000| Untracked 
|  52|0x000000070d400000, 0x000000070d400000, 0x000000070d500000|  0%| F|  |TAMS 0x000000070d400000, 0x000000070d400000| Untracked 
|  53|0x000000070d500000, 0x000000070d500000, 0x000000070d600000|  0%| F|  |TAMS 0x000000070d500000, 0x000000070d500000| Untracked 
|  54|0x000000070d600000, 0x000000070d600000, 0x000000070d700000|  0%| F|  |TAMS 0x000000070d600000, 0x000000070d600000| Untracked 
|  55|0x000000070d700000, 0x000000070d700000, 0x000000070d800000|  0%| F|  |TAMS 0x000000070d700000, 0x000000070d700000| Untracked 
|  56|0x000000070d800000, 0x000000070d800000, 0x000000070d900000|  0%| F|  |TAMS 0x000000070d800000, 0x000000070d800000| Untracked 
|  57|0x000000070d900000, 0x000000070d900000, 0x000000070da00000|  0%| F|  |TAMS 0x000000070d900000, 0x000000070d900000| Untracked 
|  58|0x000000070da00000, 0x000000070da00000, 0x000000070db00000|  0%| F|  |TAMS 0x000000070da00000, 0x000000070da00000| Untracked 
|  59|0x000000070db00000, 0x000000070db00000, 0x000000070dc00000|  0%| F|  |TAMS 0x000000070db00000, 0x000000070db00000| Untracked 
|  60|0x000000070dc00000, 0x000000070dc00000, 0x000000070dd00000|  0%| F|  |TAMS 0x000000070dc00000, 0x000000070dc00000| Untracked 
|  61|0x000000070dd00000, 0x000000070dd00000, 0x000000070de00000|  0%| F|  |TAMS 0x000000070dd00000, 0x000000070dd00000| Untracked 
|  62|0x000000070de00000, 0x000000070de00000, 0x000000070df00000|  0%| F|  |TAMS 0x000000070de00000, 0x000000070de00000| Untracked 
|  63|0x000000070df00000, 0x000000070df00000, 0x000000070e000000|  0%| F|  |TAMS 0x000000070df00000, 0x000000070df00000| Untracked 
|  64|0x000000070e000000, 0x000000070e000000, 0x000000070e100000|  0%| F|  |TAMS 0x000000070e000000, 0x000000070e000000| Untracked 
|  65|0x000000070e100000, 0x000000070e100000, 0x000000070e200000|  0%| F|  |TAMS 0x000000070e100000, 0x000000070e100000| Untracked 
|  66|0x000000070e200000, 0x000000070e200000, 0x000000070e300000|  0%| F|  |TAMS 0x000000070e200000, 0x000000070e200000| Untracked 
|  67|0x000000070e300000, 0x000000070e300000, 0x000000070e400000|  0%| F|  |TAMS 0x000000070e300000, 0x000000070e300000| Untracked 
|  68|0x000000070e400000, 0x000000070e400000, 0x000000070e500000|  0%| F|  |TAMS 0x000000070e400000, 0x000000070e400000| Untracked 
|  69|0x000000070e500000, 0x000000070e500000, 0x000000070e600000|  0%| F|  |TAMS 0x000000070e500000, 0x000000070e500000| Untracked 
|  70|0x000000070e600000, 0x000000070e600000, 0x000000070e700000|  0%| F|  |TAMS 0x000000070e600000, 0x000000070e600000| Untracked 
|  71|0x000000070e700000, 0x000000070e700000, 0x000000070e800000|  0%| F|  |TAMS 0x000000070e700000, 0x000000070e700000| Untracked 
|  72|0x000000070e800000, 0x000000070e800000, 0x000000070e900000|  0%| F|  |TAMS 0x000000070e800000, 0x000000070e800000| Untracked 
|  73|0x000000070e900000, 0x000000070e900000, 0x000000070ea00000|  0%| F|  |TAMS 0x000000070e900000, 0x000000070e900000| Untracked 
|  74|0x000000070ea00000, 0x000000070ea00000, 0x000000070eb00000|  0%| F|  |TAMS 0x000000070ea00000, 0x000000070ea00000| Untracked 
|  75|0x000000070eb00000, 0x000000070eb00000, 0x000000070ec00000|  0%| F|  |TAMS 0x000000070eb00000, 0x000000070eb00000| Untracked 
|  76|0x000000070ec00000, 0x000000070ec00000, 0x000000070ed00000|  0%| F|  |TAMS 0x000000070ec00000, 0x000000070ec00000| Untracked 
|  77|0x000000070ed00000, 0x000000070ed00000, 0x000000070ee00000|  0%| F|  |TAMS 0x000000070ed00000, 0x000000070ed00000| Untracked 
|  78|0x000000070ee00000, 0x000000070ee00000, 0x000000070ef00000|  0%| F|  |TAMS 0x000000070ee00000, 0x000000070ee00000| Untracked 
|  79|0x000000070ef00000, 0x000000070ef00000, 0x000000070f000000|  0%| F|  |TAMS 0x000000070ef00000, 0x000000070ef00000| Untracked 
|  80|0x000000070f000000, 0x000000070f000000, 0x000000070f100000|  0%| F|  |TAMS 0x000000070f000000, 0x000000070f000000| Untracked 
|  81|0x000000070f100000, 0x000000070f100000, 0x000000070f200000|  0%| F|  |TAMS 0x000000070f100000, 0x000000070f100000| Untracked 
|  82|0x000000070f200000, 0x000000070f200000, 0x000000070f300000|  0%| F|  |TAMS 0x000000070f200000, 0x000000070f200000| Untracked 
|  83|0x000000070f300000, 0x000000070f300000, 0x000000070f400000|  0%| F|  |TAMS 0x000000070f300000, 0x000000070f300000| Untracked 
|  84|0x000000070f400000, 0x000000070f400000, 0x000000070f500000|  0%| F|  |TAMS 0x000000070f400000, 0x000000070f400000| Untracked 
|  85|0x000000070f500000, 0x000000070f500000, 0x000000070f600000|  0%| F|  |TAMS 0x000000070f500000, 0x000000070f500000| Untracked 
|  86|0x000000070f600000, 0x000000070f600000, 0x000000070f700000|  0%| F|  |TAMS 0x000000070f600000, 0x000000070f600000| Untracked 
|  87|0x000000070f700000, 0x000000070f700000, 0x000000070f800000|  0%| F|  |TAMS 0x000000070f700000, 0x000000070f700000| Untracked 
|  88|0x000000070f800000, 0x000000070f800000, 0x000000070f900000|  0%| F|  |TAMS 0x000000070f800000, 0x000000070f800000| Untracked 
|  89|0x000000070f900000, 0x000000070f900000, 0x000000070fa00000|  0%| F|  |TAMS 0x000000070f900000, 0x000000070f900000| Untracked 
|  90|0x000000070fa00000, 0x000000070fa00000, 0x000000070fb00000|  0%| F|  |TAMS 0x000000070fa00000, 0x000000070fa00000| Untracked 
|  91|0x000000070fb00000, 0x000000070fb00000, 0x000000070fc00000|  0%| F|  |TAMS 0x000000070fb00000, 0x000000070fb00000| Untracked 
|  92|0x000000070fc00000, 0x000000070fc00000, 0x000000070fd00000|  0%| F|  |TAMS 0x000000070fc00000, 0x000000070fc00000| Untracked 
|  93|0x000000070fd00000, 0x000000070fd00000, 0x000000070fe00000|  0%| F|  |TAMS 0x000000070fd00000, 0x000000070fd00000| Untracked 
|  94|0x000000070fe00000, 0x000000070fe00000, 0x000000070ff00000|  0%| F|  |TAMS 0x000000070fe00000, 0x000000070fe00000| Untracked 
|  95|0x000000070ff00000, 0x000000070ff00000, 0x0000000710000000|  0%| F|  |TAMS 0x000000070ff00000, 0x000000070ff00000| Untracked 
|  96|0x0000000710000000, 0x0000000710000000, 0x0000000710100000|  0%| F|  |TAMS 0x0000000710000000, 0x0000000710000000| Untracked 
|  97|0x0000000710100000, 0x0000000710100000, 0x0000000710200000|  0%| F|  |TAMS 0x0000000710100000, 0x0000000710100000| Untracked 
|  98|0x0000000710200000, 0x0000000710200000, 0x0000000710300000|  0%| F|  |TAMS 0x0000000710200000, 0x0000000710200000| Untracked 
|  99|0x0000000710300000, 0x0000000710300000, 0x0000000710400000|  0%| F|  |TAMS 0x0000000710300000, 0x0000000710300000| Untracked 
| 100|0x0000000710400000, 0x0000000710400000, 0x0000000710500000|  0%| F|  |TAMS 0x0000000710400000, 0x0000000710400000| Untracked 
| 101|0x0000000710500000, 0x0000000710500000, 0x0000000710600000|  0%| F|  |TAMS 0x0000000710500000, 0x0000000710500000| Untracked 
| 102|0x0000000710600000, 0x0000000710600000, 0x0000000710700000|  0%| F|  |TAMS 0x0000000710600000, 0x0000000710600000| Untracked 
| 103|0x0000000710700000, 0x0000000710700000, 0x0000000710800000|  0%| F|  |TAMS 0x0000000710700000, 0x0000000710700000| Untracked 
| 104|0x0000000710800000, 0x0000000710800000, 0x0000000710900000|  0%| F|  |TAMS 0x0000000710800000, 0x0000000710800000| Untracked 
| 105|0x0000000710900000, 0x0000000710900000, 0x0000000710a00000|  0%| F|  |TAMS 0x0000000710900000, 0x0000000710900000| Untracked 
| 106|0x0000000710a00000, 0x0000000710a00000, 0x0000000710b00000|  0%| F|  |TAMS 0x0000000710a00000, 0x0000000710a00000| Untracked 
| 107|0x0000000710b00000, 0x0000000710b00000, 0x0000000710c00000|  0%| F|  |TAMS 0x0000000710b00000, 0x0000000710b00000| Untracked 
| 108|0x0000000710c00000, 0x0000000710c00000, 0x0000000710d00000|  0%| F|  |TAMS 0x0000000710c00000, 0x0000000710c00000| Untracked 
| 109|0x0000000710d00000, 0x0000000710d00000, 0x0000000710e00000|  0%| F|  |TAMS 0x0000000710d00000, 0x0000000710d00000| Untracked 
| 110|0x0000000710e00000, 0x0000000710e00000, 0x0000000710f00000|  0%| F|  |TAMS 0x0000000710e00000, 0x0000000710e00000| Untracked 
| 111|0x0000000710f00000, 0x0000000710f00000, 0x0000000711000000|  0%| F|  |TAMS 0x0000000710f00000, 0x0000000710f00000| Untracked 
| 112|0x0000000711000000, 0x0000000711000000, 0x0000000711100000|  0%| F|  |TAMS 0x0000000711000000, 0x0000000711000000| Untracked 
| 113|0x0000000711100000, 0x0000000711100000, 0x0000000711200000|  0%| F|  |TAMS 0x0000000711100000, 0x0000000711100000| Untracked 
| 114|0x0000000711200000, 0x0000000711200000, 0x0000000711300000|  0%| F|  |TAMS 0x0000000711200000, 0x0000000711200000| Untracked 
| 115|0x0000000711300000, 0x0000000711300000, 0x0000000711400000|  0%| F|  |TAMS 0x0000000711300000, 0x0000000711300000| Untracked 
| 116|0x0000000711400000, 0x0000000711400000, 0x0000000711500000|  0%| F|  |TAMS 0x0000000711400000, 0x0000000711400000| Untracked 
| 117|0x0000000711500000, 0x0000000711500000, 0x0000000711600000|  0%| F|  |TAMS 0x0000000711500000, 0x0000000711500000| Untracked 
| 118|0x0000000711600000, 0x0000000711600000, 0x0000000711700000|  0%| F|  |TAMS 0x0000000711600000, 0x0000000711600000| Untracked 
| 119|0x0000000711700000, 0x0000000711700000, 0x0000000711800000|  0%| F|  |TAMS 0x0000000711700000, 0x0000000711700000| Untracked 
| 120|0x0000000711800000, 0x0000000711800000, 0x0000000711900000|  0%| F|  |TAMS 0x0000000711800000, 0x0000000711800000| Untracked 
| 121|0x0000000711900000, 0x0000000711900000, 0x0000000711a00000|  0%| F|  |TAMS 0x0000000711900000, 0x0000000711900000| Untracked 
| 122|0x0000000711a00000, 0x0000000711a00000, 0x0000000711b00000|  0%| F|  |TAMS 0x0000000711a00000, 0x0000000711a00000| Untracked 
| 123|0x0000000711b00000, 0x0000000711b00000, 0x0000000711c00000|  0%| F|  |TAMS 0x0000000711b00000, 0x0000000711b00000| Untracked 
| 124|0x0000000711c00000, 0x0000000711c00000, 0x0000000711d00000|  0%| F|  |TAMS 0x0000000711c00000, 0x0000000711c00000| Untracked 
| 125|0x0000000711d00000, 0x0000000711d00000, 0x0000000711e00000|  0%| F|  |TAMS 0x0000000711d00000, 0x0000000711d00000| Untracked 
| 126|0x0000000711e00000, 0x0000000711e00000, 0x0000000711f00000|  0%| F|  |TAMS 0x0000000711e00000, 0x0000000711e00000| Untracked 
| 127|0x0000000711f00000, 0x0000000711f00000, 0x0000000712000000|  0%| F|  |TAMS 0x0000000711f00000, 0x0000000711f00000| Untracked 
| 128|0x0000000712000000, 0x0000000712000000, 0x0000000712100000|  0%| F|  |TAMS 0x0000000712000000, 0x0000000712000000| Untracked 
| 129|0x0000000712100000, 0x0000000712100000, 0x0000000712200000|  0%| F|  |TAMS 0x0000000712100000, 0x0000000712100000| Untracked 
| 130|0x0000000712200000, 0x0000000712200000, 0x0000000712300000|  0%| F|  |TAMS 0x0000000712200000, 0x0000000712200000| Untracked 
| 131|0x0000000712300000, 0x0000000712300000, 0x0000000712400000|  0%| F|  |TAMS 0x0000000712300000, 0x0000000712300000| Untracked 
| 132|0x0000000712400000, 0x0000000712400000, 0x0000000712500000|  0%| F|  |TAMS 0x0000000712400000, 0x0000000712400000| Untracked 
| 133|0x0000000712500000, 0x0000000712500000, 0x0000000712600000|  0%| F|  |TAMS 0x0000000712500000, 0x0000000712500000| Untracked 
| 134|0x0000000712600000, 0x0000000712600000, 0x0000000712700000|  0%| F|  |TAMS 0x0000000712600000, 0x0000000712600000| Untracked 
| 135|0x0000000712700000, 0x0000000712700000, 0x0000000712800000|  0%| F|  |TAMS 0x0000000712700000, 0x0000000712700000| Untracked 
| 136|0x0000000712800000, 0x0000000712800000, 0x0000000712900000|  0%| F|  |TAMS 0x0000000712800000, 0x0000000712800000| Untracked 
| 137|0x0000000712900000, 0x0000000712900000, 0x0000000712a00000|  0%| F|  |TAMS 0x0000000712900000, 0x0000000712900000| Untracked 
| 138|0x0000000712a00000, 0x0000000712a00000, 0x0000000712b00000|  0%| F|  |TAMS 0x0000000712a00000, 0x0000000712a00000| Untracked 
| 139|0x0000000712b00000, 0x0000000712b00000, 0x0000000712c00000|  0%| F|  |TAMS 0x0000000712b00000, 0x0000000712b00000| Untracked 
| 140|0x0000000712c00000, 0x0000000712c00000, 0x0000000712d00000|  0%| F|  |TAMS 0x0000000712c00000, 0x0000000712c00000| Untracked 
| 141|0x0000000712d00000, 0x0000000712d00000, 0x0000000712e00000|  0%| F|  |TAMS 0x0000000712d00000, 0x0000000712d00000| Untracked 
| 142|0x0000000712e00000, 0x0000000712e00000, 0x0000000712f00000|  0%| F|  |TAMS 0x0000000712e00000, 0x0000000712e00000| Untracked 
| 143|0x0000000712f00000, 0x0000000712f00000, 0x0000000713000000|  0%| F|  |TAMS 0x0000000712f00000, 0x0000000712f00000| Untracked 
| 144|0x0000000713000000, 0x0000000713000000, 0x0000000713100000|  0%| F|  |TAMS 0x0000000713000000, 0x0000000713000000| Untracked 
| 145|0x0000000713100000, 0x0000000713100000, 0x0000000713200000|  0%| F|  |TAMS 0x0000000713100000, 0x0000000713100000| Untracked 
| 146|0x0000000713200000, 0x0000000713200000, 0x0000000713300000|  0%| F|  |TAMS 0x0000000713200000, 0x0000000713200000| Untracked 
| 147|0x0000000713300000, 0x0000000713300000, 0x0000000713400000|  0%| F|  |TAMS 0x0000000713300000, 0x0000000713300000| Untracked 
| 148|0x0000000713400000, 0x0000000713400000, 0x0000000713500000|  0%| F|  |TAMS 0x0000000713400000, 0x0000000713400000| Untracked 
| 149|0x0000000713500000, 0x0000000713500000, 0x0000000713600000|  0%| F|  |TAMS 0x0000000713500000, 0x0000000713500000| Untracked 
| 150|0x0000000713600000, 0x0000000713600000, 0x0000000713700000|  0%| F|  |TAMS 0x0000000713600000, 0x0000000713600000| Untracked 
| 151|0x0000000713700000, 0x0000000713700000, 0x0000000713800000|  0%| F|  |TAMS 0x0000000713700000, 0x0000000713700000| Untracked 
| 152|0x0000000713800000, 0x0000000713800000, 0x0000000713900000|  0%| F|  |TAMS 0x0000000713800000, 0x0000000713800000| Untracked 
| 153|0x0000000713900000, 0x0000000713900000, 0x0000000713a00000|  0%| F|  |TAMS 0x0000000713900000, 0x0000000713900000| Untracked 
| 154|0x0000000713a00000, 0x0000000713a00000, 0x0000000713b00000|  0%| F|  |TAMS 0x0000000713a00000, 0x0000000713a00000| Untracked 
| 155|0x0000000713b00000, 0x0000000713b00000, 0x0000000713c00000|  0%| F|  |TAMS 0x0000000713b00000, 0x0000000713b00000| Untracked 
| 156|0x0000000713c00000, 0x0000000713c00000, 0x0000000713d00000|  0%| F|  |TAMS 0x0000000713c00000, 0x0000000713c00000| Untracked 
| 157|0x0000000713d00000, 0x0000000713d00000, 0x0000000713e00000|  0%| F|  |TAMS 0x0000000713d00000, 0x0000000713d00000| Untracked 
| 158|0x0000000713e00000, 0x0000000713e00000, 0x0000000713f00000|  0%| F|  |TAMS 0x0000000713e00000, 0x0000000713e00000| Untracked 
| 159|0x0000000713f00000, 0x0000000713f00000, 0x0000000714000000|  0%| F|  |TAMS 0x0000000713f00000, 0x0000000713f00000| Untracked 
| 160|0x0000000714000000, 0x0000000714000000, 0x0000000714100000|  0%| F|  |TAMS 0x0000000714000000, 0x0000000714000000| Untracked 
| 161|0x0000000714100000, 0x0000000714100000, 0x0000000714200000|  0%| F|  |TAMS 0x0000000714100000, 0x0000000714100000| Untracked 
| 162|0x0000000714200000, 0x0000000714200000, 0x0000000714300000|  0%| F|  |TAMS 0x0000000714200000, 0x0000000714200000| Untracked 
| 163|0x0000000714300000, 0x0000000714300000, 0x0000000714400000|  0%| F|  |TAMS 0x0000000714300000, 0x0000000714300000| Untracked 
| 164|0x0000000714400000, 0x0000000714400000, 0x0000000714500000|  0%| F|  |TAMS 0x0000000714400000, 0x0000000714400000| Untracked 
| 165|0x0000000714500000, 0x0000000714500000, 0x0000000714600000|  0%| F|  |TAMS 0x0000000714500000, 0x0000000714500000| Untracked 
| 166|0x0000000714600000, 0x0000000714600000, 0x0000000714700000|  0%| F|  |TAMS 0x0000000714600000, 0x0000000714600000| Untracked 
| 167|0x0000000714700000, 0x0000000714700000, 0x0000000714800000|  0%| F|  |TAMS 0x0000000714700000, 0x0000000714700000| Untracked 
| 168|0x0000000714800000, 0x0000000714800000, 0x0000000714900000|  0%| F|  |TAMS 0x0000000714800000, 0x0000000714800000| Untracked 
| 169|0x0000000714900000, 0x0000000714900000, 0x0000000714a00000|  0%| F|  |TAMS 0x0000000714900000, 0x0000000714900000| Untracked 
| 170|0x0000000714a00000, 0x0000000714a00000, 0x0000000714b00000|  0%| F|  |TAMS 0x0000000714a00000, 0x0000000714a00000| Untracked 
| 171|0x0000000714b00000, 0x0000000714b00000, 0x0000000714c00000|  0%| F|  |TAMS 0x0000000714b00000, 0x0000000714b00000| Untracked 
| 172|0x0000000714c00000, 0x0000000714c00000, 0x0000000714d00000|  0%| F|  |TAMS 0x0000000714c00000, 0x0000000714c00000| Untracked 
| 173|0x0000000714d00000, 0x0000000714d00000, 0x0000000714e00000|  0%| F|  |TAMS 0x0000000714d00000, 0x0000000714d00000| Untracked 
| 174|0x0000000714e00000, 0x0000000714e00000, 0x0000000714f00000|  0%| F|  |TAMS 0x0000000714e00000, 0x0000000714e00000| Untracked 
| 175|0x0000000714f00000, 0x0000000714f00000, 0x0000000715000000|  0%| F|  |TAMS 0x0000000714f00000, 0x0000000714f00000| Untracked 
| 176|0x0000000715000000, 0x0000000715000000, 0x0000000715100000|  0%| F|  |TAMS 0x0000000715000000, 0x0000000715000000| Untracked 
| 177|0x0000000715100000, 0x0000000715100000, 0x0000000715200000|  0%| F|  |TAMS 0x0000000715100000, 0x0000000715100000| Untracked 
| 178|0x0000000715200000, 0x0000000715200000, 0x0000000715300000|  0%| F|  |TAMS 0x0000000715200000, 0x0000000715200000| Untracked 
| 179|0x0000000715300000, 0x0000000715300000, 0x0000000715400000|  0%| F|  |TAMS 0x0000000715300000, 0x0000000715300000| Untracked 
| 180|0x0000000715400000, 0x0000000715400000, 0x0000000715500000|  0%| F|  |TAMS 0x0000000715400000, 0x0000000715400000| Untracked 
| 181|0x0000000715500000, 0x0000000715500000, 0x0000000715600000|  0%| F|  |TAMS 0x0000000715500000, 0x0000000715500000| Untracked 
| 182|0x0000000715600000, 0x0000000715600000, 0x0000000715700000|  0%| F|  |TAMS 0x0000000715600000, 0x0000000715600000| Untracked 
| 183|0x0000000715700000, 0x0000000715700000, 0x0000000715800000|  0%| F|  |TAMS 0x0000000715700000, 0x0000000715700000| Untracked 
| 184|0x0000000715800000, 0x0000000715800000, 0x0000000715900000|  0%| F|  |TAMS 0x0000000715800000, 0x0000000715800000| Untracked 
| 185|0x0000000715900000, 0x0000000715900000, 0x0000000715a00000|  0%| F|  |TAMS 0x0000000715900000, 0x0000000715900000| Untracked 
| 186|0x0000000715a00000, 0x0000000715a00000, 0x0000000715b00000|  0%| F|  |TAMS 0x0000000715a00000, 0x0000000715a00000| Untracked 
| 187|0x0000000715b00000, 0x0000000715b00000, 0x0000000715c00000|  0%| F|  |TAMS 0x0000000715b00000, 0x0000000715b00000| Untracked 
| 188|0x0000000715c00000, 0x0000000715c00000, 0x0000000715d00000|  0%| F|  |TAMS 0x0000000715c00000, 0x0000000715c00000| Untracked 
| 189|0x0000000715d00000, 0x0000000715d00000, 0x0000000715e00000|  0%| F|  |TAMS 0x0000000715d00000, 0x0000000715d00000| Untracked 
| 190|0x0000000715e00000, 0x0000000715e00000, 0x0000000715f00000|  0%| F|  |TAMS 0x0000000715e00000, 0x0000000715e00000| Untracked 
| 191|0x0000000715f00000, 0x0000000715f00000, 0x0000000716000000|  0%| F|  |TAMS 0x0000000715f00000, 0x0000000715f00000| Untracked 
| 192|0x0000000716000000, 0x0000000716000000, 0x0000000716100000|  0%| F|  |TAMS 0x0000000716000000, 0x0000000716000000| Untracked 
| 193|0x0000000716100000, 0x0000000716100000, 0x0000000716200000|  0%| F|  |TAMS 0x0000000716100000, 0x0000000716100000| Untracked 
| 194|0x0000000716200000, 0x0000000716200000, 0x0000000716300000|  0%| F|  |TAMS 0x0000000716200000, 0x0000000716200000| Untracked 
| 195|0x0000000716300000, 0x0000000716300000, 0x0000000716400000|  0%| F|  |TAMS 0x0000000716300000, 0x0000000716300000| Untracked 
| 196|0x0000000716400000, 0x0000000716400000, 0x0000000716500000|  0%| F|  |TAMS 0x0000000716400000, 0x0000000716400000| Untracked 
| 197|0x0000000716500000, 0x0000000716500000, 0x0000000716600000|  0%| F|  |TAMS 0x0000000716500000, 0x0000000716500000| Untracked 
| 198|0x0000000716600000, 0x0000000716600000, 0x0000000716700000|  0%| F|  |TAMS 0x0000000716600000, 0x0000000716600000| Untracked 
| 199|0x0000000716700000, 0x0000000716700000, 0x0000000716800000|  0%| F|  |TAMS 0x0000000716700000, 0x0000000716700000| Untracked 
| 200|0x0000000716800000, 0x0000000716800000, 0x0000000716900000|  0%| F|  |TAMS 0x0000000716800000, 0x0000000716800000| Untracked 
| 201|0x0000000716900000, 0x0000000716900000, 0x0000000716a00000|  0%| F|  |TAMS 0x0000000716900000, 0x0000000716900000| Untracked 
| 202|0x0000000716a00000, 0x0000000716a00000, 0x0000000716b00000|  0%| F|  |TAMS 0x0000000716a00000, 0x0000000716a00000| Untracked 
| 203|0x0000000716b00000, 0x0000000716b00000, 0x0000000716c00000|  0%| F|  |TAMS 0x0000000716b00000, 0x0000000716b00000| Untracked 
| 204|0x0000000716c00000, 0x0000000716c00000, 0x0000000716d00000|  0%| F|  |TAMS 0x0000000716c00000, 0x0000000716c00000| Untracked 
| 205|0x0000000716d00000, 0x0000000716d00000, 0x0000000716e00000|  0%| F|  |TAMS 0x0000000716d00000, 0x0000000716d00000| Untracked 
| 206|0x0000000716e00000, 0x0000000716e00000, 0x0000000716f00000|  0%| F|  |TAMS 0x0000000716e00000, 0x0000000716e00000| Untracked 
| 207|0x0000000716f00000, 0x0000000716f00000, 0x0000000717000000|  0%| F|  |TAMS 0x0000000716f00000, 0x0000000716f00000| Untracked 
| 208|0x0000000717000000, 0x0000000717000000, 0x0000000717100000|  0%| F|  |TAMS 0x0000000717000000, 0x0000000717000000| Untracked 
| 209|0x0000000717100000, 0x0000000717100000, 0x0000000717200000|  0%| F|  |TAMS 0x0000000717100000, 0x0000000717100000| Untracked 
| 210|0x0000000717200000, 0x0000000717200000, 0x0000000717300000|  0%| F|  |TAMS 0x0000000717200000, 0x0000000717200000| Untracked 
| 211|0x0000000717300000, 0x0000000717300000, 0x0000000717400000|  0%| F|  |TAMS 0x0000000717300000, 0x0000000717300000| Untracked 
| 212|0x0000000717400000, 0x0000000717400000, 0x0000000717500000|  0%| F|  |TAMS 0x0000000717400000, 0x0000000717400000| Untracked 
| 213|0x0000000717500000, 0x0000000717500000, 0x0000000717600000|  0%| F|  |TAMS 0x0000000717500000, 0x0000000717500000| Untracked 
| 214|0x0000000717600000, 0x0000000717600000, 0x0000000717700000|  0%| F|  |TAMS 0x0000000717600000, 0x0000000717600000| Untracked 
| 215|0x0000000717700000, 0x0000000717700000, 0x0000000717800000|  0%| F|  |TAMS 0x0000000717700000, 0x0000000717700000| Untracked 
| 216|0x0000000717800000, 0x0000000717800000, 0x0000000717900000|  0%| F|  |TAMS 0x0000000717800000, 0x0000000717800000| Untracked 
| 217|0x0000000717900000, 0x0000000717900000, 0x0000000717a00000|  0%| F|  |TAMS 0x0000000717900000, 0x0000000717900000| Untracked 
| 218|0x0000000717a00000, 0x0000000717a00000, 0x0000000717b00000|  0%| F|  |TAMS 0x0000000717a00000, 0x0000000717a00000| Untracked 
| 219|0x0000000717b00000, 0x0000000717b00000, 0x0000000717c00000|  0%| F|  |TAMS 0x0000000717b00000, 0x0000000717b00000| Untracked 
| 220|0x0000000717c00000, 0x0000000717c00000, 0x0000000717d00000|  0%| F|  |TAMS 0x0000000717c00000, 0x0000000717c00000| Untracked 
| 221|0x0000000717d00000, 0x0000000717d00000, 0x0000000717e00000|  0%| F|  |TAMS 0x0000000717d00000, 0x0000000717d00000| Untracked 
| 222|0x0000000717e00000, 0x0000000717e00000, 0x0000000717f00000|  0%| F|  |TAMS 0x0000000717e00000, 0x0000000717e00000| Untracked 
| 223|0x0000000717f00000, 0x0000000717f00000, 0x0000000718000000|  0%| F|  |TAMS 0x0000000717f00000, 0x0000000717f00000| Untracked 
| 224|0x0000000718000000, 0x0000000718000000, 0x0000000718100000|  0%| F|  |TAMS 0x0000000718000000, 0x0000000718000000| Untracked 
| 225|0x0000000718100000, 0x0000000718100000, 0x0000000718200000|  0%| F|  |TAMS 0x0000000718100000, 0x0000000718100000| Untracked 
| 226|0x0000000718200000, 0x0000000718200000, 0x0000000718300000|  0%| F|  |TAMS 0x0000000718200000, 0x0000000718200000| Untracked 
| 227|0x0000000718300000, 0x0000000718300000, 0x0000000718400000|  0%| F|  |TAMS 0x0000000718300000, 0x0000000718300000| Untracked 
| 228|0x0000000718400000, 0x0000000718400000, 0x0000000718500000|  0%| F|  |TAMS 0x0000000718400000, 0x0000000718400000| Untracked 
| 229|0x0000000718500000, 0x0000000718500000, 0x0000000718600000|  0%| F|  |TAMS 0x0000000718500000, 0x0000000718500000| Untracked 
| 230|0x0000000718600000, 0x0000000718600000, 0x0000000718700000|  0%| F|  |TAMS 0x0000000718600000, 0x0000000718600000| Untracked 
| 231|0x0000000718700000, 0x0000000718700000, 0x0000000718800000|  0%| F|  |TAMS 0x0000000718700000, 0x0000000718700000| Untracked 
| 232|0x0000000718800000, 0x0000000718800000, 0x0000000718900000|  0%| F|  |TAMS 0x0000000718800000, 0x0000000718800000| Untracked 
| 233|0x0000000718900000, 0x0000000718900000, 0x0000000718a00000|  0%| F|  |TAMS 0x0000000718900000, 0x0000000718900000| Untracked 
| 234|0x0000000718a00000, 0x0000000718a00000, 0x0000000718b00000|  0%| F|  |TAMS 0x0000000718a00000, 0x0000000718a00000| Untracked 
| 235|0x0000000718b00000, 0x0000000718bf74f0, 0x0000000718c00000| 96%| E|  |TAMS 0x0000000718b00000, 0x0000000718b00000| Complete 
| 236|0x0000000718c00000, 0x0000000718d00000, 0x0000000718d00000|100%| E|CS|TAMS 0x0000000718c00000, 0x0000000718c00000| Complete 
| 237|0x0000000718d00000, 0x0000000718e00000, 0x0000000718e00000|100%| E|CS|TAMS 0x0000000718d00000, 0x0000000718d00000| Complete 
| 238|0x0000000718e00000, 0x0000000718f00000, 0x0000000718f00000|100%| E|CS|TAMS 0x0000000718e00000, 0x0000000718e00000| Complete 
| 239|0x0000000718f00000, 0x0000000719000000, 0x0000000719000000|100%| E|CS|TAMS 0x0000000718f00000, 0x0000000718f00000| Complete 
| 240|0x0000000719000000, 0x0000000719100000, 0x0000000719100000|100%| E|CS|TAMS 0x0000000719000000, 0x0000000719000000| Complete 
| 241|0x0000000719100000, 0x0000000719200000, 0x0000000719200000|100%| E|CS|TAMS 0x0000000719100000, 0x0000000719100000| Complete 
| 242|0x0000000719200000, 0x0000000719300000, 0x0000000719300000|100%| E|  |TAMS 0x0000000719200000, 0x0000000719200000| Complete 
| 243|0x0000000719300000, 0x0000000719400000, 0x0000000719400000|100%| E|CS|TAMS 0x0000000719300000, 0x0000000719300000| Complete 
| 244|0x0000000719400000, 0x0000000719500000, 0x0000000719500000|100%| E|CS|TAMS 0x0000000719400000, 0x0000000719400000| Complete 
| 245|0x0000000719500000, 0x0000000719600000, 0x0000000719600000|100%| E|CS|TAMS 0x0000000719500000, 0x0000000719500000| Complete 

Card table byte_map: [0x00000166d7b60000,0x00000166d8310000] _byte_map_base: 0x00000166d4310000

Marking Bits (Prev, Next): (CMBitMap*) 0x00000166bf0086b8, (CMBitMap*) 0x00000166bf0086f0
 Prev Bits: [0x00000166d8ac0000, 0x00000166dc840000)
 Next Bits: [0x00000166dc840000, 0x00000166e05c0000)

Polling page: 0x00000166c73c0000

Metaspace:

Usage:
  Non-class:      7.86 MB capacity,     7.76 MB ( 99%) used,    93.93 KB (  1%) free+waste,    10.06 KB ( <1%) overhead. 
      Class:    841.00 KB capacity,   770.68 KB ( 92%) used,    65.45 KB (  8%) free+waste,     4.88 KB ( <1%) overhead. 
       Both:      8.68 MB capacity,     8.51 MB ( 98%) used,   159.38 KB (  2%) free+waste,    14.94 KB ( <1%) overhead. 

Virtual space:
  Non-class space:        8.00 MB reserved,       8.00 MB (100%) committed 
      Class space:        1.00 GB reserved,     896.00 KB ( <1%) committed 
             Both:        1.01 GB reserved,       8.88 MB ( <1%) committed 

Chunk freelists:
   Non-Class:  1.63 KB
       Class:  2.88 KB
        Both:  4.50 KB

CodeHeap 'non-profiled nmethods': size=119168Kb used=282Kb max_used=282Kb free=118886Kb
 bounds [0x00000166cef80000, 0x00000166cf1f0000, 0x00000166d63e0000]
CodeHeap 'profiled nmethods': size=119168Kb used=1530Kb max_used=1530Kb free=117637Kb
 bounds [0x00000166c7b20000, 0x00000166c7d90000, 0x00000166cef80000]
CodeHeap 'non-nmethods': size=7424Kb used=2777Kb max_used=2795Kb free=4646Kb
 bounds [0x00000166c73e0000, 0x00000166c76b0000, 0x00000166c7b20000]
 total_blobs=1351 nmethods=733 adapters=294
 compilation: enabled
              stopped_count=0, restarted_count=0
 full_count=0

Compilation events (10 events):
Event: 0.222 Thread 0x00000166e41c2000  730       3       ciir.umass.edu.learning.tree.RegressionTree::<init> (69 bytes)
Event: 0.222 Thread 0x00000166e41c2000 nmethod 730 0x00000166c7c8f410 code [0x00000166c7c8f620, 0x00000166c7c8fd70]
Event: 0.222 Thread 0x00000166e41c2000  731       3       ciir.umass.edu.learning.tree.Split::leaves (15 bytes)
Event: 0.222 Thread 0x00000166e41c2000 nmethod 731 0x00000166c7c8ff90 code [0x00000166c7c90160, 0x00000166c7c90570]
Event: 0.223 Thread 0x00000166e4268000 nmethod 667 0x00000166cefb9e10 code [0x00000166cefb9fa0, 0x00000166cefba1d8]
Event: 0.223 Thread 0x00000166e4268000  732       4       java.util.ArrayList::get (15 bytes)
Event: 0.224 Thread 0x00000166e4268000 nmethod 732 0x00000166cefba390 code [0x00000166cefba520, 0x00000166cefba618]
Event: 0.224 Thread 0x00000166e4268000  734       4       java.lang.StringLatin1::trim (76 bytes)
Event: 0.224 Thread 0x00000166e476e800 nmethod 729 0x00000166c7c90710 code [0x00000166c7c90b40, 0x00000166c7c92980]
Event: 0.224 Thread 0x00000166e48bb800 nmethod 697 0x00000166c7c93610 code [0x00000166c7c93fc0, 0x00000166c7c9a770]

GC Heap History (0 events):
No events

Deoptimization events (10 events):
Event: 0.099 Thread 0x00000166befa6800 Uncommon trap: reason=unstable_if action=reinterpret pc=0x00000166cef84a04 method=java.lang.String.hashCode()I @ 14 c2
Event: 0.130 Thread 0x00000166befa6800 Uncommon trap: reason=unstable_if action=reinterpret pc=0x00000166cef910cc method=java.lang.StringLatin1.indexOf([BI[BII)I @ 46 c2
Event: 0.188 Thread 0x00000166befa6800 Uncommon trap: reason=unstable_if action=reinterpret pc=0x00000166cefa7ac4 method=com.sun.org.apache.xerces.internal.impl.XMLEntityScanner.peekChar()I @ 14 c2
Event: 0.189 Thread 0x00000166befa6800 Uncommon trap: reason=unstable_if action=reinterpret pc=0x00000166cefa7798 method=com.sun.org.apache.xerces.internal.impl.XMLEntityScanner.checkBeforeLoad(Lcom/sun/xml/internal/stream/Entity$ScannedEntity;II)I @ 18 c2
Event: 0.193 Thread 0x00000166befa6800 Uncommon trap: reason=unstable_if action=reinterpret pc=0x00000166cefa94c0 method=com.sun.org.apache.xerces.internal.impl.XMLEntityScanner.skipChar(ILcom/sun/org/apache/xerces/internal/impl/XMLScanner$NameType;)Z @ 14 c2
Event: 0.200 Thread 0x00000166befa6800 Uncommon trap: reason=class_check action=maybe_recompile pc=0x00000166cefaa68c method=com.sun.org.apache.xerces.internal.impl.XMLDocumentScannerImpl.next()I @ 4 c2
Event: 0.211 Thread 0x00000166befa6800 Uncommon trap: reason=unstable_if action=reinterpret pc=0x00000166cef94a58 method=java.lang.StringLatin1.trim([B)Ljava/lang/String; @ 44 c2
Event: 0.211 Thread 0x00000166befa6800 Uncommon trap: reason=unstable_if action=reinterpret pc=0x00000166cef940dc method=java.lang.StringLatin1.trim([B)Ljava/lang/String; @ 44 c2
Event: 0.212 Thread 0x00000166befa6800 Uncommon trap: reason=unstable_if action=reinterpret pc=0x00000166cefb3198 method=com.sun.org.apache.xerces.internal.dom.DeferredDocumentImpl.clearChunkIndex([[III)I @ 3 c2
Event: 0.213 Thread 0x00000166befa6800 Uncommon trap: reason=unstable_if action=reinterpret pc=0x00000166cefb4298 method=com.sun.org.apache.xerces.internal.dom.DeferredDocumentImpl.getPrevSibling(IZ)I @ 2 c2

Classes redefined (0 events):
No events

Internal exceptions (6 events):
Event: 0.144 Thread 0x00000166befa6800 Exception <a 'java/lang/NoSuchMethodError'{0x0000000718fbe758}: java.lang.invoke.DirectMethodHandle$Holder.invokeStatic(Ljava/lang/Object;Ljava/lang/Object;Ljava/lang/Object;Ljava/lang/Object;Ljava/lang/Object;Ljava/lang/Object;Ljava/lang/Object;Ljava/lan
Event: 0.145 Thread 0x00000166befa6800 Exception <a 'java/lang/NoSuchMethodError'{0x0000000718fcc678}: java.lang.invoke.DirectMethodHandle$Holder.invokeStatic(Ljava/lang/Object;Ljava/lang/Object;Ljava/lang/Object;Ljava/lang/Object;Ljava/lang/Object;Ljava/lang/Object;Ljava/lang/Object;Ljava/lan
Event: 0.146 Thread 0x00000166befa6800 Exception <a 'java/lang/NoSuchMethodError'{0x0000000718fda2e0}: java.lang.invoke.DirectMethodHandle$Holder.invokeSpecial(Ljava/lang/Object;Ljava/lang/Object;IILjava/lang/Object;Ljava/lang/Object;Ljava/lang/Object;)Ljava/lang/Object;> (0x0000000718fda2e0) 
Event: 0.146 Thread 0x00000166befa6800 Exception <a 'java/lang/NoSuchMethodError'{0x0000000718fdd868}: java.lang.invoke.DelegatingMethodHandle$Holder.reinvoke_L(Ljava/lang/Object;IILjava/lang/Object;Ljava/lang/Object;Ljava/lang/Object;)Ljava/lang/Object;> (0x0000000718fdd868) thrown at [./open
Event: 0.147 Thread 0x00000166befa6800 Exception <a 'java/lang/NoSuchMethodError'{0x0000000718fe1948}: java.lang.invoke.DirectMethodHandle$Holder.invokeStatic(Ljava/lang/Object;Ljava/lang/Object;Ljava/lang/Object;Ljava/lang/Object;I)Ljava/lang/Object;> (0x0000000718fe1948) thrown at [./open/sr
Event: 0.212 Thread 0x00000166befa6800 Implicit null exception at 0x00000166cefb3060 to 0x00000166cefb317e

Events (10 events):
Event: 0.213 Thread 0x00000166befa6800 Uncommon trap: trap_request=0xffffff4d fr.pc=0x00000166cefb4298 relative=0x0000000000000178
Event: 0.213 Thread 0x00000166befa6800 DEOPT PACKING pc=0x00000166cefb4298 sp=0x000000451a7ff080
Event: 0.213 Thread 0x00000166befa6800 DEOPT UNPACKING pc=0x00000166c74091af sp=0x000000451a7feff8 mode 2
Event: 0.213 loading class jdk/internal/math/FloatingDecimal$ASCIIToBinaryBuffer
Event: 0.213 loading class jdk/internal/math/FloatingDecimal$ASCIIToBinaryBuffer done
Event: 0.213 loading class ciir/umass/edu/learning/tree/RegressionTree
Event: 0.213 loading class ciir/umass/edu/learning/tree/RegressionTree done
Event: 0.215 Thread 0x00000166e510d800 Thread added: 0x00000166e510d800
Event: 0.224 loading class ciir/umass/edu/features/FeatureManager
Event: 0.224 loading class ciir/umass/edu/features/FeatureManager done


Dynamic libraries:
0x00007ff7de810000 - 0x00007ff7de857000 	D:\Java\jdk-11.0.7\bin\java.exe
0x00007fffe4590000 - 0x00007fffe4785000 	C:\WINDOWS\SYSTEM32\ntdll.dll
0x00007fffe42f0000 - 0x00007fffe43ae000 	C:\WINDOWS\System32\KERNEL32.DLL
0x00007fffe1cd0000 - 0x00007fffe1f98000 	C:\WINDOWS\System32\KERNELBASE.dll
0x00007fffe3060000 - 0x00007fffe310e000 	C:\WINDOWS\System32\ADVAPI32.dll
0x00007fffe2850000 - 0x00007fffe28ee000 	C:\WINDOWS\System32\msvcrt.dll
0x00007fffe3470000 - 0x00007fffe350c000 	C:\WINDOWS\System32\sechost.dll
0x00007fffe2920000 - 0x00007fffe2a45000 	C:\WINDOWS\System32\RPCRT4.dll
0x00007fffe26a0000 - 0x00007fffe2841000 	C:\WINDOWS\System32\USER32.dll
0x00007fffe1ca0000 - 0x00007fffe1cc2000 	C:\WINDOWS\System32\win32u.dll
0x00007fffe28f0000 - 0x00007fffe291b000 	C:\WINDOWS\System32\GDI32.dll
0x00007fffe2160000 - 0x00007fffe226d000 	C:\WINDOWS\System32\gdi32full.dll
0x00007fffe1fa0000 - 0x00007fffe203d000 	C:\WINDOWS\System32\msvcp_win.dll
0x00007fffe23d0000 - 0x00007fffe24d0000 	C:\WINDOWS\System32\ucrtbase.dll
0x00007fffcf160000 - 0x00007fffcf3fa000 	C:\WINDOWS\WinSxS\amd64_microsoft.windows.common-controls_6595b64144ccf1df_6.0.19041.1110_none_60b5254171f9507e\COMCTL32.dll
0x00007fffd8b60000 - 0x00007fffd8b6a000 	C:\WINDOWS\SYSTEM32\VERSION.dll
0x00007fffe3030000 - 0x00007fffe3060000 	C:\WINDOWS\System32\IMM32.DLL
0x00007fffbb030000 - 0x00007fffbb046000 	D:\Java\jdk-11.0.7\bin\vcruntime140.dll
0x00007fffa99a0000 - 0x00007fffa9a4a000 	D:\Java\jdk-11.0.7\bin\msvcp140.dll
0x00007fff6e680000 - 0x00007fff6f1e1000 	D:\Java\jdk-11.0.7\bin\server\jvm.dll
0x00007fffe31f0000 - 0x00007fffe31f8000 	C:\WINDOWS\System32\PSAPI.DLL
0x00007fffd81e0000 - 0x00007fffd8207000 	C:\WINDOWS\SYSTEM32\WINMM.dll
0x00007fffdd670000 - 0x00007fffdd679000 	C:\WINDOWS\SYSTEM32\WSOCK32.dll
0x00007fffe3510000 - 0x00007fffe357b000 	C:\WINDOWS\System32\WS2_32.dll
0x00007fffe0520000 - 0x00007fffe0532000 	C:\WINDOWS\SYSTEM32\kernel.appcore.dll
0x00007fffba0a0000 - 0x00007fffba0b1000 	D:\Java\jdk-11.0.7\bin\verify.dll
0x00007fffe0310000 - 0x00007fffe04f4000 	C:\WINDOWS\SYSTEM32\DBGHELP.DLL
0x00007fffcd020000 - 0x00007fffcd04c000 	C:\WINDOWS\SYSTEM32\dbgcore.DLL
0x00007fffe2070000 - 0x00007fffe20f2000 	C:\WINDOWS\System32\bcryptPrimitives.dll
0x00007fffafe50000 - 0x00007fffafe79000 	D:\Java\jdk-11.0.7\bin\java.dll
0x00007fffcbcb0000 - 0x00007fffcbcba000 	D:\Java\jdk-11.0.7\bin\jimage.dll
0x00007fffb9e70000 - 0x00007fffb9e86000 	D:\Java\jdk-11.0.7\bin\zip.dll
0x00007fffe36a0000 - 0x00007fffe3de4000 	C:\WINDOWS\System32\SHELL32.dll
0x00007fffdfa30000 - 0x00007fffe01c5000 	C:\WINDOWS\SYSTEM32\windows.storage.dll
0x00007fffe2a50000 - 0x00007fffe2da5000 	C:\WINDOWS\System32\combase.dll
0x00007fffe16f0000 - 0x00007fffe171e000 	C:\WINDOWS\SYSTEM32\Wldp.dll
0x00007fffe33c0000 - 0x00007fffe346d000 	C:\WINDOWS\System32\SHCORE.dll
0x00007fffe3200000 - 0x00007fffe3255000 	C:\WINDOWS\System32\shlwapi.dll
0x00007fffe1be0000 - 0x00007fffe1bff000 	C:\WINDOWS\SYSTEM32\profapi.dll
0x00007fffafdf0000 - 0x00007fffafe09000 	D:\Java\jdk-11.0.7\bin\net.dll
0x00007fffd6070000 - 0x00007fffd617c000 	C:\WINDOWS\SYSTEM32\WINHTTP.dll
0x00007fffe1450000 - 0x00007fffe14ba000 	C:\WINDOWS\system32\mswsock.dll
0x00007fffafdd0000 - 0x00007fffafde3000 	D:\Java\jdk-11.0.7\bin\nio.dll

dbghelp: loaded successfully - version: 4.0.5 - missing functions: none
symbol engine: initialized successfully - sym options: 0x614 - pdb path: .;D:\Java\jdk-11.0.7\bin;C:\WINDOWS\SYSTEM32;C:\WINDOWS\WinSxS\amd64_microsoft.windows.common-controls_6595b64144ccf1df_6.0.19041.1110_none_60b5254171f9507e;D:\Java\jdk-11.0.7\bin\server

VM Arguments:
java_command: ./RankLib-2.16.jar -load ./rank_model/salt/salt_LambdaMART_model.txt -rank ../data_processing_engineering/rank_data/salt/salt_temp_svm_rank_format_data.txt -indri ../data_processing_engineering/rank_data/salt/salt_myScoreFile.txt
java_class_path (initial): ./RankLib-2.16.jar
Launcher Type: SUN_STANDARD

[Global flags]
     intx CICompilerCount                          = 12                                        {product} {ergonomic}
     uint ConcGCThreads                            = 3                                         {product} {ergonomic}
     uint G1ConcRefinementThreads                  = 13                                        {product} {ergonomic}
   size_t G1HeapRegionSize                         = 1048576                                   {product} {ergonomic}
    uintx GCDrainStackTargetSize                   = 64                                        {product} {ergonomic}
   size_t InitialHeapSize                          = 257949696                                 {product} {ergonomic}
   size_t MarkStackSize                            = 4194304                                   {product} {ergonomic}
   size_t MaxHeapSize                              = 4127195136                                {product} {ergonomic}
   size_t MaxNewSize                               = 2475687936                                {product} {ergonomic}
   size_t MinHeapDeltaBytes                        = 1048576                                   {product} {ergonomic}
    uintx NonNMethodCodeHeapSize                   = 7594288                                {pd product} {ergonomic}
    uintx NonProfiledCodeHeapSize                  = 122031976                              {pd product} {ergonomic}
    uintx ProfiledCodeHeapSize                     = 122031976                              {pd product} {ergonomic}
    uintx ReservedCodeCacheSize                    = 251658240                              {pd product} {ergonomic}
     bool SegmentedCodeCache                       = true                                      {product} {ergonomic}
     bool UseCompressedClassPointers               = true                                 {lp64_product} {ergonomic}
     bool UseCompressedOops                        = true                                 {lp64_product} {ergonomic}
     bool UseG1GC                                  = true                                      {product} {ergonomic}
     bool UseLargePagesIndividualAllocation        = false                                  {pd product} {ergonomic}

Logging:
Log output configuration:
 #0: stdout all=warning uptime,level,tags
 #1: stderr all=off uptime,level,tags

Environment Variables:
JAVA_HOME=D:\Java\jdk-11.0.7
CLASSPATH=D:\Java\apache-jmeter-5.4.1\lib\ext\ApacheJMeter_core.jar;D:\Java\apache-jmeter-5.4.1\lib\jorphan.jar;D:\Java\apache-jmeter-5.4.1\lib/logkit-2.0.jar

;
PATH=C:\Users\junyujia\AppData\Local\r-miniconda\envs\my_mxnet_env\lib\site-packages\pywin32_system32;C:\Users\junyujia\AppData\Local\r-miniconda\envs\my_mxnet_env;C:\Users\junyujia\AppData\Local\r-miniconda\envs\my_mxnet_env\Library\mingw-w64\bin;C:\Users\junyujia\AppData\Local\r-miniconda\envs\my_mxnet_env\Library\usr\bin;C:\Users\junyujia\AppData\Local\r-miniconda\envs\my_mxnet_env\Library\bin;C:\Users\junyujia\AppData\Local\r-miniconda\envs\my_mxnet_env\Scripts;C:\Users\junyujia\AppData\Local\r-miniconda\envs\my_mxnet_env\bin;C:\Users\junyujia\AppData\Local\r-miniconda\condabin;C:\Program Files (x86)\Common Files\Intel\Shared Libraries\redist\intel64\compiler;C:\Windows\system32;C:\Windows;C:\Windows\System32\Wbem;C:\Windows\System32\WindowsPowerShell\v1.0;C:\Windows\System32\OpenSSH;C:\Program Files (x86)\NVIDIA Corporation\PhysX\Common;C:\Program Files\NVIDIA Corporation\NVIDIA NvDLISR;D:\Java\jdk-11.0.7\bin;C:\Program Files\MySQL\MySQL Server 8.0\bin;D:\Java\apache-maven-3.6.3\bin;C:\Program Files\Microsoft SQL Server\130\Tools\Binn;D:\Program Files\nodejs;C:\Program Files\PuTTY;D:\Python\Python38;D:\Program Files\Git\cmd;D:\Program Files\erl9.2\bin;D:\Program Files\erl9.2\bin;D:\Program Files\Graphviz\bin;.;C:\WINDOWS\system32;C:\WINDOWS;C:\WINDOWS\System32\Wbem;C:\WINDOWS\System32\WindowsPowerShell\v1.0;C:\WINDOWS\System32\OpenSSH;D:\nodejs\node_global;C:\Users\junyujia\AppData\Local\Programs\Microsoft VS Code\bin;D:\Program Files\JetBrains\IntelliJ IDEA 2021.2.3\bin;.;D:\Program Files\Graphviz\bin;C:\Users\junyujia\AppData\Local\Microsoft\WindowsApps;.;C:\Users\junyujia\AppData\Local\r-miniconda\envs\my_mxnet_env\lib\site-packages\numpy\.libs
USERNAME=junyujia
OS=Windows_NT
PROCESSOR_IDENTIFIER=AMD64 Family 23 Model 96 Stepping 1, AuthenticAMD



---------------  S Y S T E M  ---------------

OS: Windows 10 , 64 bit Build 19041 (10.0.19041.1466)

CPU:total 16 (initial active 16) (16 cores per cpu, 2 threads per core) family 23 model 96 stepping 1, cmov, cx8, fxsr, mmx, sse, sse2, sse3, ssse3, sse4.1, sse4.2, popcnt, avx, avx2, aes, clmul, mmxext, 3dnowpref, lzcnt, sse4a, ht, tsc, tscinvbit, tscinv, bmi1, bmi2, adx, sha, fma

Memory: 4k page, system-wide physical 15741M (5715M free)
TotalPageFile size 29053M (AvailPageFile size 10156M)
current process WorkingSet (physical memory assigned to process): 85M, peak: 86M
current process commit charge ("private bytes"): 375M, peak: 376M

vm_info: Java HotSpot(TM) 64-Bit Server VM (11.0.7+8-LTS) for windows-amd64 JRE (11.0.7+8-LTS), built on Mar 12 2020 02:04:32 by "mach5one" with MS VC++ 15.5 (VS2017)

END.
