#
# A fatal error has been detected by the Java Runtime Environment:
#
#  EXCEPTION_ACCESS_VIOLATION (0xc0000005) at pc=0x00007fff79f7a2d3, pid=3588, tid=12100
#
# JRE version: Java(TM) SE Runtime Environment 18.9 (11.0.7+8) (build 11.0.7+8-LTS)
# Java VM: Java HotSpot(TM) 64-Bit Server VM 18.9 (11.0.7+8-LTS, mixed mode, tiered, compressed oops, g1 gc, windows-amd64)
# Problematic frame:
# V  [jvm.dll+0x17a2d3]
#
# No core dump will be written. Minidumps are not enabled by default on client versions of Windows
#
# If you would like to submit a bug report, please visit:
#   https://bugreport.java.com/bugreport/crash.jsp
#

---------------  S U M M A R Y ------------

Command Line: ./RankLib-2.16.jar -load ./rank_model/yii2/yii2_MART_model.txt -rank ../data_processing_engineering/rank_data/yii2/yii2_temp_svm_rank_format_data.txt -indri ../data_processing_engineering/rank_data/yii2/yii2_myScoreFile.txt

Host: AMD Ryzen 7 4800H with Radeon Graphics         , 16 cores, 15G,  Windows 10 , 64 bit Build 22000 (10.0.22000.434)
Time: Sun Feb  6 13:14:34 2022 中国标准时间 elapsed time: 0 seconds (0d 0h 0m 0s)

---------------  T H R E A D  ---------------

Current thread (0x000002999f3f5000):  JavaThread "C1 CompilerThread2" daemon [_thread_in_native, id=12100, stack(0x000000c80a000000,0x000000c80a100000)]


Current CompileTask:
C1:    247  532       3       com.sun.org.apache.xerces.internal.impl.XMLDocumentFragmentScannerImpl$ElementStack::nextElement (129 bytes)

Stack: [0x000000c80a000000,0x000000c80a100000],  sp=0x000000c80a0fd5c8,  free space=1013k
Native frames: (J=compiled Java code, j=interpreted, Vv=VM code, C=native code)
V  [jvm.dll+0x17a2d3]
V  [jvm.dll+0x175773]
V  [jvm.dll+0x174fbf]
V  [jvm.dll+0x17ec4b]
V  [jvm.dll+0x1760b8]
V  [jvm.dll+0x1795bf]
V  [jvm.dll+0x12cd0f]
V  [jvm.dll+0x12c519]
V  [jvm.dll+0x12c74f]
V  [jvm.dll+0x12b8c7]
V  [jvm.dll+0x12d967]
V  [jvm.dll+0x226c74]
V  [jvm.dll+0x224e98]
V  [jvm.dll+0x765e25]
V  [jvm.dll+0x75e875]
V  [jvm.dll+0x660b26]
C  [ucrtbase.dll+0x26c0c]
C  [KERNEL32.DLL+0x154e0]
C  [ntdll.dll+0x485b]


siginfo: EXCEPTION_ACCESS_VIOLATION (0xc0000005), reading address 0x0000000000000008


Register to memory mapping:

RIP=0x00007fff79f7a2d3 jvm.dll
RAX=0x0 is NULL
RBX=0x000002999f554f40 points into unknown readable memory: 04 00 00 00 0c 00 00 00
RCX=0x0 is NULL
RDX=0x000002999f29a700 points into unknown readable memory: 81 02 00 00 0c 00 00 00
RSP=0x000000c80a0fd5c8 is pointing into the stack for thread: 0x000002999f3f5000
RBP=0x000000007fffff01 is an unknown value
RSI=0x000002999f29a700 points into unknown readable memory: 81 02 00 00 0c 00 00 00
RDI=0x000002999f29a700 points into unknown readable memory: 81 02 00 00 0c 00 00 00
R8 =0x00000000ffffffff is an unknown value
R9 =0x000002999ef64900 points into unknown readable memory: ff ff ff 7f ff ff ff 7f
R10=0x000002999f2981c0 points into unknown readable memory: 02 00 00 00 0a 00 00 00
R11=0x000000c80a0fdc70 is pointing into the stack for thread: 0x000002999f3f5000
R12=0x000002999f3f5000 is a thread
R13=0x000000c80a0feac0 is pointing into the stack for thread: 0x000002999f3f5000
R14=0x0 is NULL
R15=0x0 is NULL


Registers:
RAX=0x0000000000000000, RBX=0x000002999f554f40, RCX=0x0000000000000000, RDX=0x000002999f29a700
RSP=0x000000c80a0fd5c8, RBP=0x000000007fffff01, RSI=0x000002999f29a700, RDI=0x000002999f29a700
R8 =0x00000000ffffffff, R9 =0x000002999ef64900, R10=0x000002999f2981c0, R11=0x000000c80a0fdc70
R12=0x000002999f3f5000, R13=0x000000c80a0feac0, R14=0x0000000000000000, R15=0x0000000000000000
RIP=0x00007fff79f7a2d3, EFLAGS=0x0000000000010287

Top of Stack: (sp=0x000000c80a0fd5c8)
0x000000c80a0fd5c8:   00007fff79f75773 000000c80a0fdc70
0x000000c80a0fd5d8:   0000000000000000 000000c80a0fdc70
0x000000c80a0fd5e8:   000002999f298bb0 00000000ffffffff
0x000000c80a0fd5f8:   000000c80a0fd640 0000000000000000
0x000000c80a0fd608:   000000c80a0feac0 000002999f3f5000
0x000000c80a0fd618:   000000c80a0fdc70 0000000000000055
0x000000c80a0fd628:   000000007fffff01 000002999f29a700
0x000000c80a0fd638:   00007fff79f74fbf 000002999f2981c0
0x000000c80a0fd648:   000002999f29a700 000002999f350900
0x000000c80a0fd658:   0000000000000000 0000000000000055
0x000000c80a0fd668:   000000007fffffff 000000c80a0fdc70
0x000000c80a0fd678:   00007fff79f7ec4b 0000000000000055
0x000000c80a0fd688:   0000000000000000 000002999f350900
0x000000c80a0fd698:   0000000000000002 0000029900000001
0x000000c80a0fd6a8:   000002999ef64910 000002999f552890
0x000000c80a0fd6b8:   00007fff79f760b8 000002999f54f2a0 

Instructions: (pc=0x00007fff79f7a2d3)
0x00007fff79f7a2b3:   14 41 83 e8 02 48 83 e9 08 48 83 e8 02 79 ee b8
0x00007fff79f7a2c3:   ff ff ff 7f c3 49 63 c0 41 8b 04 81 c3 48 89 5c
0x00007fff79f7a2d3:   24 08 48 89 7c 24 10 48 8b 59 38 48 8b fa 48 3b
0x00007fff79f7a2e3:   1d 00 b4 90 00 4c 8b d9 0f 84 8a 01 00 00 4c 8b 


Stack slot to memory mapping:
stack at sp + 0 slots: 0x00007fff79f75773 jvm.dll
stack at sp + 1 slots: 0x000000c80a0fdc70 is pointing into the stack for thread: 0x000002999f3f5000
stack at sp + 2 slots: 0x0 is NULL
stack at sp + 3 slots: 0x000000c80a0fdc70 is pointing into the stack for thread: 0x000002999f3f5000
stack at sp + 4 slots: 0x000002999f298bb0 points into unknown readable memory: 47 02 00 00 0a 00 00 00
stack at sp + 5 slots: 0x00000000ffffffff is an unknown value
stack at sp + 6 slots: 0x000000c80a0fd640 is pointing into the stack for thread: 0x000002999f3f5000
stack at sp + 7 slots: 0x0 is NULL


---------------  P R O C E S S  ---------------

Threads class SMR info:
_java_thread_list=0x000002999f612110, length=19, elements={
0x00000299f9d09000, 0x00000299ff615800, 0x00000299ff617000, 0x000002999ef2d000,
0x000002999ef2f000, 0x000002999ef31000, 0x000002999ef35800, 0x000002999ef36800,
0x000002999f0b2800, 0x000002999f0b8000, 0x000002999f0d5000, 0x000002999f132000,
0x000002999f22b000, 0x000002999f22c000, 0x000002999f22d000, 0x000002999f3e1000,
0x000002999f3e3800, 0x000002999f3f5000, 0x000002999f3f8000
}

Java Threads: ( => current thread )
  0x00000299f9d09000 JavaThread "main" [_thread_in_vm, id=1200, stack(0x000000c808800000,0x000000c808900000)]
  0x00000299ff615800 JavaThread "Reference Handler" daemon [_thread_blocked, id=20896, stack(0x000000c808f00000,0x000000c809000000)]
  0x00000299ff617000 JavaThread "Finalizer" daemon [_thread_blocked, id=2716, stack(0x000000c809000000,0x000000c809100000)]
  0x000002999ef2d000 JavaThread "Signal Dispatcher" daemon [_thread_blocked, id=15924, stack(0x000000c809100000,0x000000c809200000)]
  0x000002999ef2f000 JavaThread "Attach Listener" daemon [_thread_blocked, id=21248, stack(0x000000c809200000,0x000000c809300000)]
  0x000002999ef31000 JavaThread "C2 CompilerThread0" daemon [_thread_in_native, id=20232, stack(0x000000c809300000,0x000000c809400000)]
  0x000002999ef35800 JavaThread "C1 CompilerThread0" daemon [_thread_blocked, id=15464, stack(0x000000c809400000,0x000000c809500000)]
  0x000002999ef36800 JavaThread "Sweeper thread" daemon [_thread_blocked, id=14396, stack(0x000000c809500000,0x000000c809600000)]
  0x000002999f0b2800 JavaThread "Service Thread" daemon [_thread_blocked, id=388, stack(0x000000c809600000,0x000000c809700000)]
  0x000002999f0b8000 JavaThread "Common-Cleaner" daemon [_thread_blocked, id=12552, stack(0x000000c809800000,0x000000c809900000)]
  0x000002999f0d5000 JavaThread "C1 CompilerThread1" daemon [_thread_blocked, id=2784, stack(0x000000c809900000,0x000000c809a00000)]
  0x000002999f132000 JavaThread "C2 CompilerThread1" daemon [_thread_in_native, id=180, stack(0x000000c809a00000,0x000000c809b00000)]
  0x000002999f22b000 JavaThread "C2 CompilerThread2" daemon [_thread_in_native, id=18176, stack(0x000000c809b00000,0x000000c809c00000)]
  0x000002999f22c000 JavaThread "C2 CompilerThread3" daemon [_thread_in_native, id=12420, stack(0x000000c809c00000,0x000000c809d00000)]
  0x000002999f22d000 JavaThread "C2 CompilerThread4" daemon [_thread_in_native, id=4768, stack(0x000000c809d00000,0x000000c809e00000)]
  0x000002999f3e1000 JavaThread "C2 CompilerThread5" daemon [_thread_in_native, id=10788, stack(0x000000c809e00000,0x000000c809f00000)]
  0x000002999f3e3800 JavaThread "C2 CompilerThread6" daemon [_thread_in_native, id=10176, stack(0x000000c809f00000,0x000000c80a000000)]
=>0x000002999f3f5000 JavaThread "C1 CompilerThread2" daemon [_thread_in_native, id=12100, stack(0x000000c80a000000,0x000000c80a100000)]
  0x000002999f3f8000 JavaThread "C1 CompilerThread3" daemon [_thread_blocked, id=9940, stack(0x000000c80a100000,0x000000c80a200000)]
  0x00000299a0523000 JavaThread "C2 CompilerThread7" daemon [_thread_blocked, id=20208, stack(0x000000c80a200000,0x000000c80a300000)]

Other Threads:
  0x00000299ff613800 VMThread "VM Thread" [stack: 0x000000c808e00000,0x000000c808f00000] [id=20012]
  0x000002999f0b7000 WatcherThread [stack: 0x000000c809700000,0x000000c809800000] [id=18940]
  0x00000299f9d20800 GCTaskThread "GC Thread#0" [stack: 0x000000c808900000,0x000000c808a00000] [id=1220]
  0x00000299f9d7a000 ConcurrentGCThread "G1 Main Marker" [stack: 0x000000c808a00000,0x000000c808b00000] [id=5628]
  0x00000299f9d7b800 ConcurrentGCThread "G1 Conc#0" [stack: 0x000000c808b00000,0x000000c808c00000] [id=18688]
  0x00000299ff4fd000 ConcurrentGCThread "G1 Refine#0" [stack: 0x000000c808c00000,0x000000c808d00000] [id=10164]
  0x00000299ff4fe000 ConcurrentGCThread "G1 Young RemSet Sampling" [stack: 0x000000c808d00000,0x000000c808e00000] [id=5828]

Threads with active compile tasks:
C2 CompilerThread0 625       4       com.sun.org.apache.xerces.internal.util.XMLAttributesImpl::getValue (69 bytes)
C2 CompilerThread1 588   !   4       com.sun.org.apache.xerces.internal.impl.XMLDocumentFragmentScannerImpl$FragmentContentDriver::next (2329 bytes)
C2 CompilerThread2 606       4       com.sun.org.apache.xerces.internal.impl.XMLDocumentFragmentScannerImpl::scanStartElement (446 bytes)
C2 CompilerThread3 618       4       com.sun.org.apache.xerces.internal.impl.io.UTF8Reader::read (1443 bytes)
C2 CompilerThread4 624       4       com.sun.org.apache.xerces.internal.impl.XMLEntityScanner::scanContent (690 bytes)
C2 CompilerThread5 621       4       com.sun.org.apache.xerces.internal.parsers.AbstractDOMParser::characters (394 bytes)
C2 CompilerThread6 605       4       com.sun.org.apache.xerces.internal.parsers.AbstractDOMParser::startElement (876 bytes)
C1 CompilerThread2 532       3       com.sun.org.apache.xerces.internal.impl.XMLDocumentFragmentScannerImpl$ElementStack::nextElement (129 bytes)
C2 CompilerThread7 622       4       com.sun.org.apache.xerces.internal.dom.DeferredDocumentImpl::createDeferredTextNode (57 bytes)

VM state:not at safepoint (normal execution)

VM Mutex/Monitor currently owned by a thread: None

Heap address: 0x000000070a000000, size: 3936 MB, Compressed Oops mode: Zero based, Oop shift amount: 3
Narrow klass base: 0x0000000800000000, Narrow klass shift: 0
Compressed class space size: 1073741824 Address: 0x0000000800000000

Heap:
 garbage-first heap   total 251904K, used 36864K [0x000000070a000000, 0x0000000800000000)
  region size 1024K, 20 young (20480K), 0 survivors (0K)
 Metaspace       used 8428K, capacity 8604K, committed 8832K, reserved 1056768K
  class space    used 744K, capacity 809K, committed 896K, reserved 1048576K
Heap Regions: E=young(eden), S=young(survivor), O=old, HS=humongous(starts), HC=humongous(continues), CS=collection set, F=free, A=archive, TAMS=top-at-mark-start (previous, next)
|   0|0x000000070a000000, 0x000000070a100000, 0x000000070a100000|100%|HS|  |TAMS 0x000000070a000000, 0x000000070a000000| Complete 
|   1|0x000000070a100000, 0x000000070a200000, 0x000000070a200000|100%|HS|  |TAMS 0x000000070a100000, 0x000000070a100000| Complete 
|   2|0x000000070a200000, 0x000000070a300000, 0x000000070a300000|100%|HC|  |TAMS 0x000000070a200000, 0x000000070a200000| Complete 
|   3|0x000000070a300000, 0x000000070a400000, 0x000000070a400000|100%|HS|  |TAMS 0x000000070a300000, 0x000000070a300000| Complete 
|   4|0x000000070a400000, 0x000000070a500000, 0x000000070a500000|100%|HC|  |TAMS 0x000000070a400000, 0x000000070a400000| Complete 
|   5|0x000000070a500000, 0x000000070a600000, 0x000000070a600000|100%|HC|  |TAMS 0x000000070a500000, 0x000000070a500000| Complete 
|   6|0x000000070a600000, 0x000000070a700000, 0x000000070a700000|100%|HS|  |TAMS 0x000000070a600000, 0x000000070a600000| Complete 
|   7|0x000000070a700000, 0x000000070a800000, 0x000000070a800000|100%|HC|  |TAMS 0x000000070a700000, 0x000000070a700000| Complete 
|   8|0x000000070a800000, 0x000000070a900000, 0x000000070a900000|100%|HS|  |TAMS 0x000000070a800000, 0x000000070a800000| Complete 
|   9|0x000000070a900000, 0x000000070aa00000, 0x000000070aa00000|100%|HS|  |TAMS 0x000000070a900000, 0x000000070a900000| Complete 
|  10|0x000000070aa00000, 0x000000070ab00000, 0x000000070ab00000|100%|HC|  |TAMS 0x000000070aa00000, 0x000000070aa00000| Complete 
|  11|0x000000070ab00000, 0x000000070ac00000, 0x000000070ac00000|100%|HS|  |TAMS 0x000000070ab00000, 0x000000070ab00000| Complete 
|  12|0x000000070ac00000, 0x000000070ad00000, 0x000000070ad00000|100%|HC|  |TAMS 0x000000070ac00000, 0x000000070ac00000| Complete 
|  13|0x000000070ad00000, 0x000000070ae00000, 0x000000070ae00000|100%|HC|  |TAMS 0x000000070ad00000, 0x000000070ad00000| Complete 
|  14|0x000000070ae00000, 0x000000070af00000, 0x000000070af00000|100%|HS|  |TAMS 0x000000070ae00000, 0x000000070ae00000| Complete 
|  15|0x000000070af00000, 0x000000070b000000, 0x000000070b000000|100%|HC|  |TAMS 0x000000070af00000, 0x000000070af00000| Complete 
|  16|0x000000070b000000, 0x000000070b100000, 0x000000070b100000|100%|HS|  |TAMS 0x000000070b000000, 0x000000070b000000| Complete 
|  17|0x000000070b100000, 0x000000070b200000, 0x000000070b200000|100%|HC|  |TAMS 0x000000070b100000, 0x000000070b100000| Complete 
|  18|0x000000070b200000, 0x000000070b200000, 0x000000070b300000|  0%| F|  |TAMS 0x000000070b200000, 0x000000070b200000| Untracked 
|  19|0x000000070b300000, 0x000000070b300000, 0x000000070b400000|  0%| F|  |TAMS 0x000000070b300000, 0x000000070b300000| Untracked 
|  20|0x000000070b400000, 0x000000070b400000, 0x000000070b500000|  0%| F|  |TAMS 0x000000070b400000, 0x000000070b400000| Untracked 
|  21|0x000000070b500000, 0x000000070b500000, 0x000000070b600000|  0%| F|  |TAMS 0x000000070b500000, 0x000000070b500000| Untracked 
|  22|0x000000070b600000, 0x000000070b600000, 0x000000070b700000|  0%| F|  |TAMS 0x000000070b600000, 0x000000070b600000| Untracked 
|  23|0x000000070b700000, 0x000000070b700000, 0x000000070b800000|  0%| F|  |TAMS 0x000000070b700000, 0x000000070b700000| Untracked 
|  24|0x000000070b800000, 0x000000070b800000, 0x000000070b900000|  0%| F|  |TAMS 0x000000070b800000, 0x000000070b800000| Untracked 
|  25|0x000000070b900000, 0x000000070b900000, 0x000000070ba00000|  0%| F|  |TAMS 0x000000070b900000, 0x000000070b900000| Untracked 
|  26|0x000000070ba00000, 0x000000070ba00000, 0x000000070bb00000|  0%| F|  |TAMS 0x000000070ba00000, 0x000000070ba00000| Untracked 
|  27|0x000000070bb00000, 0x000000070bb00000, 0x000000070bc00000|  0%| F|  |TAMS 0x000000070bb00000, 0x000000070bb00000| Untracked 
|  28|0x000000070bc00000, 0x000000070bc00000, 0x000000070bd00000|  0%| F|  |TAMS 0x000000070bc00000, 0x000000070bc00000| Untracked 
|  29|0x000000070bd00000, 0x000000070bd00000, 0x000000070be00000|  0%| F|  |TAMS 0x000000070bd00000, 0x000000070bd00000| Untracked 
|  30|0x000000070be00000, 0x000000070be00000, 0x000000070bf00000|  0%| F|  |TAMS 0x000000070be00000, 0x000000070be00000| Untracked 
|  31|0x000000070bf00000, 0x000000070bf00000, 0x000000070c000000|  0%| F|  |TAMS 0x000000070bf00000, 0x000000070bf00000| Untracked 
|  32|0x000000070c000000, 0x000000070c000000, 0x000000070c100000|  0%| F|  |TAMS 0x000000070c000000, 0x000000070c000000| Untracked 
|  33|0x000000070c100000, 0x000000070c100000, 0x000000070c200000|  0%| F|  |TAMS 0x000000070c100000, 0x000000070c100000| Untracked 
|  34|0x000000070c200000, 0x000000070c200000, 0x000000070c300000|  0%| F|  |TAMS 0x000000070c200000, 0x000000070c200000| Untracked 
|  35|0x000000070c300000, 0x000000070c300000, 0x000000070c400000|  0%| F|  |TAMS 0x000000070c300000, 0x000000070c300000| Untracked 
|  36|0x000000070c400000, 0x000000070c400000, 0x000000070c500000|  0%| F|  |TAMS 0x000000070c400000, 0x000000070c400000| Untracked 
|  37|0x000000070c500000, 0x000000070c500000, 0x000000070c600000|  0%| F|  |TAMS 0x000000070c500000, 0x000000070c500000| Untracked 
|  38|0x000000070c600000, 0x000000070c600000, 0x000000070c700000|  0%| F|  |TAMS 0x000000070c600000, 0x000000070c600000| Untracked 
|  39|0x000000070c700000, 0x000000070c700000, 0x000000070c800000|  0%| F|  |TAMS 0x000000070c700000, 0x000000070c700000| Untracked 
|  40|0x000000070c800000, 0x000000070c800000, 0x000000070c900000|  0%| F|  |TAMS 0x000000070c800000, 0x000000070c800000| Untracked 
|  41|0x000000070c900000, 0x000000070c900000, 0x000000070ca00000|  0%| F|  |TAMS 0x000000070c900000, 0x000000070c900000| Untracked 
|  42|0x000000070ca00000, 0x000000070ca00000, 0x000000070cb00000|  0%| F|  |TAMS 0x000000070ca00000, 0x000000070ca00000| Untracked 
|  43|0x000000070cb00000, 0x000000070cb00000, 0x000000070cc00000|  0%| F|  |TAMS 0x000000070cb00000, 0x000000070cb00000| Untracked 
|  44|0x000000070cc00000, 0x000000070cc00000, 0x000000070cd00000|  0%| F|  |TAMS 0x000000070cc00000, 0x000000070cc00000| Untracked 
|  45|0x000000070cd00000, 0x000000070cd00000, 0x000000070ce00000|  0%| F|  |TAMS 0x000000070cd00000, 0x000000070cd00000| Untracked 
|  46|0x000000070ce00000, 0x000000070ce00000, 0x000000070cf00000|  0%| F|  |TAMS 0x000000070ce00000, 0x000000070ce00000| Untracked 
|  47|0x000000070cf00000, 0x000000070cf00000, 0x000000070d000000|  0%| F|  |TAMS 0x000000070cf00000, 0x000000070cf00000| Untracked 
|  48|0x000000070d000000, 0x000000070d000000, 0x000000070d100000|  0%| F|  |TAMS 0x000000070d000000, 0x000000070d000000| Untracked 
|  49|0x000000070d100000, 0x000000070d100000, 0x000000070d200000|  0%| F|  |TAMS 0x000000070d100000, 0x000000070d100000| Untracked 
|  50|0x000000070d200000, 0x000000070d200000, 0x000000070d300000|  0%| F|  |TAMS 0x000000070d200000, 0x000000070d200000| Untracked 
|  51|0x000000070d300000, 0x000000070d300000, 0x000000070d400000|  0%| F|  |TAMS 0x000000070d300000, 0x000000070d300000| Untracked 
|  52|0x000000070d400000, 0x000000070d400000, 0x000000070d500000|  0%| F|  |TAMS 0x000000070d400000, 0x000000070d400000| Untracked 
|  53|0x000000070d500000, 0x000000070d500000, 0x000000070d600000|  0%| F|  |TAMS 0x000000070d500000, 0x000000070d500000| Untracked 
|  54|0x000000070d600000, 0x000000070d600000, 0x000000070d700000|  0%| F|  |TAMS 0x000000070d600000, 0x000000070d600000| Untracked 
|  55|0x000000070d700000, 0x000000070d700000, 0x000000070d800000|  0%| F|  |TAMS 0x000000070d700000, 0x000000070d700000| Untracked 
|  56|0x000000070d800000, 0x000000070d800000, 0x000000070d900000|  0%| F|  |TAMS 0x000000070d800000, 0x000000070d800000| Untracked 
|  57|0x000000070d900000, 0x000000070d900000, 0x000000070da00000|  0%| F|  |TAMS 0x000000070d900000, 0x000000070d900000| Untracked 
|  58|0x000000070da00000, 0x000000070da00000, 0x000000070db00000|  0%| F|  |TAMS 0x000000070da00000, 0x000000070da00000| Untracked 
|  59|0x000000070db00000, 0x000000070db00000, 0x000000070dc00000|  0%| F|  |TAMS 0x000000070db00000, 0x000000070db00000| Untracked 
|  60|0x000000070dc00000, 0x000000070dc00000, 0x000000070dd00000|  0%| F|  |TAMS 0x000000070dc00000, 0x000000070dc00000| Untracked 
|  61|0x000000070dd00000, 0x000000070dd00000, 0x000000070de00000|  0%| F|  |TAMS 0x000000070dd00000, 0x000000070dd00000| Untracked 
|  62|0x000000070de00000, 0x000000070de00000, 0x000000070df00000|  0%| F|  |TAMS 0x000000070de00000, 0x000000070de00000| Untracked 
|  63|0x000000070df00000, 0x000000070df00000, 0x000000070e000000|  0%| F|  |TAMS 0x000000070df00000, 0x000000070df00000| Untracked 
|  64|0x000000070e000000, 0x000000070e000000, 0x000000070e100000|  0%| F|  |TAMS 0x000000070e000000, 0x000000070e000000| Untracked 
|  65|0x000000070e100000, 0x000000070e100000, 0x000000070e200000|  0%| F|  |TAMS 0x000000070e100000, 0x000000070e100000| Untracked 
|  66|0x000000070e200000, 0x000000070e200000, 0x000000070e300000|  0%| F|  |TAMS 0x000000070e200000, 0x000000070e200000| Untracked 
|  67|0x000000070e300000, 0x000000070e300000, 0x000000070e400000|  0%| F|  |TAMS 0x000000070e300000, 0x000000070e300000| Untracked 
|  68|0x000000070e400000, 0x000000070e400000, 0x000000070e500000|  0%| F|  |TAMS 0x000000070e400000, 0x000000070e400000| Untracked 
|  69|0x000000070e500000, 0x000000070e500000, 0x000000070e600000|  0%| F|  |TAMS 0x000000070e500000, 0x000000070e500000| Untracked 
|  70|0x000000070e600000, 0x000000070e600000, 0x000000070e700000|  0%| F|  |TAMS 0x000000070e600000, 0x000000070e600000| Untracked 
|  71|0x000000070e700000, 0x000000070e700000, 0x000000070e800000|  0%| F|  |TAMS 0x000000070e700000, 0x000000070e700000| Untracked 
|  72|0x000000070e800000, 0x000000070e800000, 0x000000070e900000|  0%| F|  |TAMS 0x000000070e800000, 0x000000070e800000| Untracked 
|  73|0x000000070e900000, 0x000000070e900000, 0x000000070ea00000|  0%| F|  |TAMS 0x000000070e900000, 0x000000070e900000| Untracked 
|  74|0x000000070ea00000, 0x000000070ea00000, 0x000000070eb00000|  0%| F|  |TAMS 0x000000070ea00000, 0x000000070ea00000| Untracked 
|  75|0x000000070eb00000, 0x000000070eb00000, 0x000000070ec00000|  0%| F|  |TAMS 0x000000070eb00000, 0x000000070eb00000| Untracked 
|  76|0x000000070ec00000, 0x000000070ec00000, 0x000000070ed00000|  0%| F|  |TAMS 0x000000070ec00000, 0x000000070ec00000| Untracked 
|  77|0x000000070ed00000, 0x000000070ed00000, 0x000000070ee00000|  0%| F|  |TAMS 0x000000070ed00000, 0x000000070ed00000| Untracked 
|  78|0x000000070ee00000, 0x000000070ee00000, 0x000000070ef00000|  0%| F|  |TAMS 0x000000070ee00000, 0x000000070ee00000| Untracked 
|  79|0x000000070ef00000, 0x000000070ef00000, 0x000000070f000000|  0%| F|  |TAMS 0x000000070ef00000, 0x000000070ef00000| Untracked 
|  80|0x000000070f000000, 0x000000070f000000, 0x000000070f100000|  0%| F|  |TAMS 0x000000070f000000, 0x000000070f000000| Untracked 
|  81|0x000000070f100000, 0x000000070f100000, 0x000000070f200000|  0%| F|  |TAMS 0x000000070f100000, 0x000000070f100000| Untracked 
|  82|0x000000070f200000, 0x000000070f200000, 0x000000070f300000|  0%| F|  |TAMS 0x000000070f200000, 0x000000070f200000| Untracked 
|  83|0x000000070f300000, 0x000000070f300000, 0x000000070f400000|  0%| F|  |TAMS 0x000000070f300000, 0x000000070f300000| Untracked 
|  84|0x000000070f400000, 0x000000070f400000, 0x000000070f500000|  0%| F|  |TAMS 0x000000070f400000, 0x000000070f400000| Untracked 
|  85|0x000000070f500000, 0x000000070f500000, 0x000000070f600000|  0%| F|  |TAMS 0x000000070f500000, 0x000000070f500000| Untracked 
|  86|0x000000070f600000, 0x000000070f600000, 0x000000070f700000|  0%| F|  |TAMS 0x000000070f600000, 0x000000070f600000| Untracked 
|  87|0x000000070f700000, 0x000000070f700000, 0x000000070f800000|  0%| F|  |TAMS 0x000000070f700000, 0x000000070f700000| Untracked 
|  88|0x000000070f800000, 0x000000070f800000, 0x000000070f900000|  0%| F|  |TAMS 0x000000070f800000, 0x000000070f800000| Untracked 
|  89|0x000000070f900000, 0x000000070f900000, 0x000000070fa00000|  0%| F|  |TAMS 0x000000070f900000, 0x000000070f900000| Untracked 
|  90|0x000000070fa00000, 0x000000070fa00000, 0x000000070fb00000|  0%| F|  |TAMS 0x000000070fa00000, 0x000000070fa00000| Untracked 
|  91|0x000000070fb00000, 0x000000070fb00000, 0x000000070fc00000|  0%| F|  |TAMS 0x000000070fb00000, 0x000000070fb00000| Untracked 
|  92|0x000000070fc00000, 0x000000070fc00000, 0x000000070fd00000|  0%| F|  |TAMS 0x000000070fc00000, 0x000000070fc00000| Untracked 
|  93|0x000000070fd00000, 0x000000070fd00000, 0x000000070fe00000|  0%| F|  |TAMS 0x000000070fd00000, 0x000000070fd00000| Untracked 
|  94|0x000000070fe00000, 0x000000070fe00000, 0x000000070ff00000|  0%| F|  |TAMS 0x000000070fe00000, 0x000000070fe00000| Untracked 
|  95|0x000000070ff00000, 0x000000070ff00000, 0x0000000710000000|  0%| F|  |TAMS 0x000000070ff00000, 0x000000070ff00000| Untracked 
|  96|0x0000000710000000, 0x0000000710000000, 0x0000000710100000|  0%| F|  |TAMS 0x0000000710000000, 0x0000000710000000| Untracked 
|  97|0x0000000710100000, 0x0000000710100000, 0x0000000710200000|  0%| F|  |TAMS 0x0000000710100000, 0x0000000710100000| Untracked 
|  98|0x0000000710200000, 0x0000000710200000, 0x0000000710300000|  0%| F|  |TAMS 0x0000000710200000, 0x0000000710200000| Untracked 
|  99|0x0000000710300000, 0x0000000710300000, 0x0000000710400000|  0%| F|  |TAMS 0x0000000710300000, 0x0000000710300000| Untracked 
| 100|0x0000000710400000, 0x0000000710400000, 0x0000000710500000|  0%| F|  |TAMS 0x0000000710400000, 0x0000000710400000| Untracked 
| 101|0x0000000710500000, 0x0000000710500000, 0x0000000710600000|  0%| F|  |TAMS 0x0000000710500000, 0x0000000710500000| Untracked 
| 102|0x0000000710600000, 0x0000000710600000, 0x0000000710700000|  0%| F|  |TAMS 0x0000000710600000, 0x0000000710600000| Untracked 
| 103|0x0000000710700000, 0x0000000710700000, 0x0000000710800000|  0%| F|  |TAMS 0x0000000710700000, 0x0000000710700000| Untracked 
| 104|0x0000000710800000, 0x0000000710800000, 0x0000000710900000|  0%| F|  |TAMS 0x0000000710800000, 0x0000000710800000| Untracked 
| 105|0x0000000710900000, 0x0000000710900000, 0x0000000710a00000|  0%| F|  |TAMS 0x0000000710900000, 0x0000000710900000| Untracked 
| 106|0x0000000710a00000, 0x0000000710a00000, 0x0000000710b00000|  0%| F|  |TAMS 0x0000000710a00000, 0x0000000710a00000| Untracked 
| 107|0x0000000710b00000, 0x0000000710b00000, 0x0000000710c00000|  0%| F|  |TAMS 0x0000000710b00000, 0x0000000710b00000| Untracked 
| 108|0x0000000710c00000, 0x0000000710c00000, 0x0000000710d00000|  0%| F|  |TAMS 0x0000000710c00000, 0x0000000710c00000| Untracked 
| 109|0x0000000710d00000, 0x0000000710d00000, 0x0000000710e00000|  0%| F|  |TAMS 0x0000000710d00000, 0x0000000710d00000| Untracked 
| 110|0x0000000710e00000, 0x0000000710e00000, 0x0000000710f00000|  0%| F|  |TAMS 0x0000000710e00000, 0x0000000710e00000| Untracked 
| 111|0x0000000710f00000, 0x0000000710f00000, 0x0000000711000000|  0%| F|  |TAMS 0x0000000710f00000, 0x0000000710f00000| Untracked 
| 112|0x0000000711000000, 0x0000000711000000, 0x0000000711100000|  0%| F|  |TAMS 0x0000000711000000, 0x0000000711000000| Untracked 
| 113|0x0000000711100000, 0x0000000711100000, 0x0000000711200000|  0%| F|  |TAMS 0x0000000711100000, 0x0000000711100000| Untracked 
| 114|0x0000000711200000, 0x0000000711200000, 0x0000000711300000|  0%| F|  |TAMS 0x0000000711200000, 0x0000000711200000| Untracked 
| 115|0x0000000711300000, 0x0000000711300000, 0x0000000711400000|  0%| F|  |TAMS 0x0000000711300000, 0x0000000711300000| Untracked 
| 116|0x0000000711400000, 0x0000000711400000, 0x0000000711500000|  0%| F|  |TAMS 0x0000000711400000, 0x0000000711400000| Untracked 
| 117|0x0000000711500000, 0x0000000711500000, 0x0000000711600000|  0%| F|  |TAMS 0x0000000711500000, 0x0000000711500000| Untracked 
| 118|0x0000000711600000, 0x0000000711600000, 0x0000000711700000|  0%| F|  |TAMS 0x0000000711600000, 0x0000000711600000| Untracked 
| 119|0x0000000711700000, 0x0000000711700000, 0x0000000711800000|  0%| F|  |TAMS 0x0000000711700000, 0x0000000711700000| Untracked 
| 120|0x0000000711800000, 0x0000000711800000, 0x0000000711900000|  0%| F|  |TAMS 0x0000000711800000, 0x0000000711800000| Untracked 
| 121|0x0000000711900000, 0x0000000711900000, 0x0000000711a00000|  0%| F|  |TAMS 0x0000000711900000, 0x0000000711900000| Untracked 
| 122|0x0000000711a00000, 0x0000000711a00000, 0x0000000711b00000|  0%| F|  |TAMS 0x0000000711a00000, 0x0000000711a00000| Untracked 
| 123|0x0000000711b00000, 0x0000000711b00000, 0x0000000711c00000|  0%| F|  |TAMS 0x0000000711b00000, 0x0000000711b00000| Untracked 
| 124|0x0000000711c00000, 0x0000000711c00000, 0x0000000711d00000|  0%| F|  |TAMS 0x0000000711c00000, 0x0000000711c00000| Untracked 
| 125|0x0000000711d00000, 0x0000000711d00000, 0x0000000711e00000|  0%| F|  |TAMS 0x0000000711d00000, 0x0000000711d00000| Untracked 
| 126|0x0000000711e00000, 0x0000000711e00000, 0x0000000711f00000|  0%| F|  |TAMS 0x0000000711e00000, 0x0000000711e00000| Untracked 
| 127|0x0000000711f00000, 0x0000000711f00000, 0x0000000712000000|  0%| F|  |TAMS 0x0000000711f00000, 0x0000000711f00000| Untracked 
| 128|0x0000000712000000, 0x0000000712000000, 0x0000000712100000|  0%| F|  |TAMS 0x0000000712000000, 0x0000000712000000| Untracked 
| 129|0x0000000712100000, 0x0000000712100000, 0x0000000712200000|  0%| F|  |TAMS 0x0000000712100000, 0x0000000712100000| Untracked 
| 130|0x0000000712200000, 0x0000000712200000, 0x0000000712300000|  0%| F|  |TAMS 0x0000000712200000, 0x0000000712200000| Untracked 
| 131|0x0000000712300000, 0x0000000712300000, 0x0000000712400000|  0%| F|  |TAMS 0x0000000712300000, 0x0000000712300000| Untracked 
| 132|0x0000000712400000, 0x0000000712400000, 0x0000000712500000|  0%| F|  |TAMS 0x0000000712400000, 0x0000000712400000| Untracked 
| 133|0x0000000712500000, 0x0000000712500000, 0x0000000712600000|  0%| F|  |TAMS 0x0000000712500000, 0x0000000712500000| Untracked 
| 134|0x0000000712600000, 0x0000000712600000, 0x0000000712700000|  0%| F|  |TAMS 0x0000000712600000, 0x0000000712600000| Untracked 
| 135|0x0000000712700000, 0x0000000712700000, 0x0000000712800000|  0%| F|  |TAMS 0x0000000712700000, 0x0000000712700000| Untracked 
| 136|0x0000000712800000, 0x0000000712800000, 0x0000000712900000|  0%| F|  |TAMS 0x0000000712800000, 0x0000000712800000| Untracked 
| 137|0x0000000712900000, 0x0000000712900000, 0x0000000712a00000|  0%| F|  |TAMS 0x0000000712900000, 0x0000000712900000| Untracked 
| 138|0x0000000712a00000, 0x0000000712a00000, 0x0000000712b00000|  0%| F|  |TAMS 0x0000000712a00000, 0x0000000712a00000| Untracked 
| 139|0x0000000712b00000, 0x0000000712b00000, 0x0000000712c00000|  0%| F|  |TAMS 0x0000000712b00000, 0x0000000712b00000| Untracked 
| 140|0x0000000712c00000, 0x0000000712c00000, 0x0000000712d00000|  0%| F|  |TAMS 0x0000000712c00000, 0x0000000712c00000| Untracked 
| 141|0x0000000712d00000, 0x0000000712d00000, 0x0000000712e00000|  0%| F|  |TAMS 0x0000000712d00000, 0x0000000712d00000| Untracked 
| 142|0x0000000712e00000, 0x0000000712e00000, 0x0000000712f00000|  0%| F|  |TAMS 0x0000000712e00000, 0x0000000712e00000| Untracked 
| 143|0x0000000712f00000, 0x0000000712f00000, 0x0000000713000000|  0%| F|  |TAMS 0x0000000712f00000, 0x0000000712f00000| Untracked 
| 144|0x0000000713000000, 0x0000000713000000, 0x0000000713100000|  0%| F|  |TAMS 0x0000000713000000, 0x0000000713000000| Untracked 
| 145|0x0000000713100000, 0x0000000713100000, 0x0000000713200000|  0%| F|  |TAMS 0x0000000713100000, 0x0000000713100000| Untracked 
| 146|0x0000000713200000, 0x0000000713200000, 0x0000000713300000|  0%| F|  |TAMS 0x0000000713200000, 0x0000000713200000| Untracked 
| 147|0x0000000713300000, 0x0000000713300000, 0x0000000713400000|  0%| F|  |TAMS 0x0000000713300000, 0x0000000713300000| Untracked 
| 148|0x0000000713400000, 0x0000000713400000, 0x0000000713500000|  0%| F|  |TAMS 0x0000000713400000, 0x0000000713400000| Untracked 
| 149|0x0000000713500000, 0x0000000713500000, 0x0000000713600000|  0%| F|  |TAMS 0x0000000713500000, 0x0000000713500000| Untracked 
| 150|0x0000000713600000, 0x0000000713600000, 0x0000000713700000|  0%| F|  |TAMS 0x0000000713600000, 0x0000000713600000| Untracked 
| 151|0x0000000713700000, 0x0000000713700000, 0x0000000713800000|  0%| F|  |TAMS 0x0000000713700000, 0x0000000713700000| Untracked 
| 152|0x0000000713800000, 0x0000000713800000, 0x0000000713900000|  0%| F|  |TAMS 0x0000000713800000, 0x0000000713800000| Untracked 
| 153|0x0000000713900000, 0x0000000713900000, 0x0000000713a00000|  0%| F|  |TAMS 0x0000000713900000, 0x0000000713900000| Untracked 
| 154|0x0000000713a00000, 0x0000000713a00000, 0x0000000713b00000|  0%| F|  |TAMS 0x0000000713a00000, 0x0000000713a00000| Untracked 
| 155|0x0000000713b00000, 0x0000000713b00000, 0x0000000713c00000|  0%| F|  |TAMS 0x0000000713b00000, 0x0000000713b00000| Untracked 
| 156|0x0000000713c00000, 0x0000000713c00000, 0x0000000713d00000|  0%| F|  |TAMS 0x0000000713c00000, 0x0000000713c00000| Untracked 
| 157|0x0000000713d00000, 0x0000000713d00000, 0x0000000713e00000|  0%| F|  |TAMS 0x0000000713d00000, 0x0000000713d00000| Untracked 
| 158|0x0000000713e00000, 0x0000000713e00000, 0x0000000713f00000|  0%| F|  |TAMS 0x0000000713e00000, 0x0000000713e00000| Untracked 
| 159|0x0000000713f00000, 0x0000000713f00000, 0x0000000714000000|  0%| F|  |TAMS 0x0000000713f00000, 0x0000000713f00000| Untracked 
| 160|0x0000000714000000, 0x0000000714000000, 0x0000000714100000|  0%| F|  |TAMS 0x0000000714000000, 0x0000000714000000| Untracked 
| 161|0x0000000714100000, 0x0000000714100000, 0x0000000714200000|  0%| F|  |TAMS 0x0000000714100000, 0x0000000714100000| Untracked 
| 162|0x0000000714200000, 0x0000000714200000, 0x0000000714300000|  0%| F|  |TAMS 0x0000000714200000, 0x0000000714200000| Untracked 
| 163|0x0000000714300000, 0x0000000714300000, 0x0000000714400000|  0%| F|  |TAMS 0x0000000714300000, 0x0000000714300000| Untracked 
| 164|0x0000000714400000, 0x0000000714400000, 0x0000000714500000|  0%| F|  |TAMS 0x0000000714400000, 0x0000000714400000| Untracked 
| 165|0x0000000714500000, 0x0000000714500000, 0x0000000714600000|  0%| F|  |TAMS 0x0000000714500000, 0x0000000714500000| Untracked 
| 166|0x0000000714600000, 0x0000000714600000, 0x0000000714700000|  0%| F|  |TAMS 0x0000000714600000, 0x0000000714600000| Untracked 
| 167|0x0000000714700000, 0x0000000714700000, 0x0000000714800000|  0%| F|  |TAMS 0x0000000714700000, 0x0000000714700000| Untracked 
| 168|0x0000000714800000, 0x0000000714800000, 0x0000000714900000|  0%| F|  |TAMS 0x0000000714800000, 0x0000000714800000| Untracked 
| 169|0x0000000714900000, 0x0000000714900000, 0x0000000714a00000|  0%| F|  |TAMS 0x0000000714900000, 0x0000000714900000| Untracked 
| 170|0x0000000714a00000, 0x0000000714a00000, 0x0000000714b00000|  0%| F|  |TAMS 0x0000000714a00000, 0x0000000714a00000| Untracked 
| 171|0x0000000714b00000, 0x0000000714b00000, 0x0000000714c00000|  0%| F|  |TAMS 0x0000000714b00000, 0x0000000714b00000| Untracked 
| 172|0x0000000714c00000, 0x0000000714c00000, 0x0000000714d00000|  0%| F|  |TAMS 0x0000000714c00000, 0x0000000714c00000| Untracked 
| 173|0x0000000714d00000, 0x0000000714d00000, 0x0000000714e00000|  0%| F|  |TAMS 0x0000000714d00000, 0x0000000714d00000| Untracked 
| 174|0x0000000714e00000, 0x0000000714e00000, 0x0000000714f00000|  0%| F|  |TAMS 0x0000000714e00000, 0x0000000714e00000| Untracked 
| 175|0x0000000714f00000, 0x0000000714f00000, 0x0000000715000000|  0%| F|  |TAMS 0x0000000714f00000, 0x0000000714f00000| Untracked 
| 176|0x0000000715000000, 0x0000000715000000, 0x0000000715100000|  0%| F|  |TAMS 0x0000000715000000, 0x0000000715000000| Untracked 
| 177|0x0000000715100000, 0x0000000715100000, 0x0000000715200000|  0%| F|  |TAMS 0x0000000715100000, 0x0000000715100000| Untracked 
| 178|0x0000000715200000, 0x0000000715200000, 0x0000000715300000|  0%| F|  |TAMS 0x0000000715200000, 0x0000000715200000| Untracked 
| 179|0x0000000715300000, 0x0000000715300000, 0x0000000715400000|  0%| F|  |TAMS 0x0000000715300000, 0x0000000715300000| Untracked 
| 180|0x0000000715400000, 0x0000000715400000, 0x0000000715500000|  0%| F|  |TAMS 0x0000000715400000, 0x0000000715400000| Untracked 
| 181|0x0000000715500000, 0x0000000715500000, 0x0000000715600000|  0%| F|  |TAMS 0x0000000715500000, 0x0000000715500000| Untracked 
| 182|0x0000000715600000, 0x0000000715600000, 0x0000000715700000|  0%| F|  |TAMS 0x0000000715600000, 0x0000000715600000| Untracked 
| 183|0x0000000715700000, 0x0000000715700000, 0x0000000715800000|  0%| F|  |TAMS 0x0000000715700000, 0x0000000715700000| Untracked 
| 184|0x0000000715800000, 0x0000000715800000, 0x0000000715900000|  0%| F|  |TAMS 0x0000000715800000, 0x0000000715800000| Untracked 
| 185|0x0000000715900000, 0x0000000715900000, 0x0000000715a00000|  0%| F|  |TAMS 0x0000000715900000, 0x0000000715900000| Untracked 
| 186|0x0000000715a00000, 0x0000000715a00000, 0x0000000715b00000|  0%| F|  |TAMS 0x0000000715a00000, 0x0000000715a00000| Untracked 
| 187|0x0000000715b00000, 0x0000000715b00000, 0x0000000715c00000|  0%| F|  |TAMS 0x0000000715b00000, 0x0000000715b00000| Untracked 
| 188|0x0000000715c00000, 0x0000000715c00000, 0x0000000715d00000|  0%| F|  |TAMS 0x0000000715c00000, 0x0000000715c00000| Untracked 
| 189|0x0000000715d00000, 0x0000000715d00000, 0x0000000715e00000|  0%| F|  |TAMS 0x0000000715d00000, 0x0000000715d00000| Untracked 
| 190|0x0000000715e00000, 0x0000000715e00000, 0x0000000715f00000|  0%| F|  |TAMS 0x0000000715e00000, 0x0000000715e00000| Untracked 
| 191|0x0000000715f00000, 0x0000000715f00000, 0x0000000716000000|  0%| F|  |TAMS 0x0000000715f00000, 0x0000000715f00000| Untracked 
| 192|0x0000000716000000, 0x0000000716000000, 0x0000000716100000|  0%| F|  |TAMS 0x0000000716000000, 0x0000000716000000| Untracked 
| 193|0x0000000716100000, 0x0000000716100000, 0x0000000716200000|  0%| F|  |TAMS 0x0000000716100000, 0x0000000716100000| Untracked 
| 194|0x0000000716200000, 0x0000000716200000, 0x0000000716300000|  0%| F|  |TAMS 0x0000000716200000, 0x0000000716200000| Untracked 
| 195|0x0000000716300000, 0x0000000716300000, 0x0000000716400000|  0%| F|  |TAMS 0x0000000716300000, 0x0000000716300000| Untracked 
| 196|0x0000000716400000, 0x0000000716400000, 0x0000000716500000|  0%| F|  |TAMS 0x0000000716400000, 0x0000000716400000| Untracked 
| 197|0x0000000716500000, 0x0000000716500000, 0x0000000716600000|  0%| F|  |TAMS 0x0000000716500000, 0x0000000716500000| Untracked 
| 198|0x0000000716600000, 0x0000000716600000, 0x0000000716700000|  0%| F|  |TAMS 0x0000000716600000, 0x0000000716600000| Untracked 
| 199|0x0000000716700000, 0x0000000716700000, 0x0000000716800000|  0%| F|  |TAMS 0x0000000716700000, 0x0000000716700000| Untracked 
| 200|0x0000000716800000, 0x0000000716800000, 0x0000000716900000|  0%| F|  |TAMS 0x0000000716800000, 0x0000000716800000| Untracked 
| 201|0x0000000716900000, 0x0000000716900000, 0x0000000716a00000|  0%| F|  |TAMS 0x0000000716900000, 0x0000000716900000| Untracked 
| 202|0x0000000716a00000, 0x0000000716a00000, 0x0000000716b00000|  0%| F|  |TAMS 0x0000000716a00000, 0x0000000716a00000| Untracked 
| 203|0x0000000716b00000, 0x0000000716b00000, 0x0000000716c00000|  0%| F|  |TAMS 0x0000000716b00000, 0x0000000716b00000| Untracked 
| 204|0x0000000716c00000, 0x0000000716c00000, 0x0000000716d00000|  0%| F|  |TAMS 0x0000000716c00000, 0x0000000716c00000| Untracked 
| 205|0x0000000716d00000, 0x0000000716d00000, 0x0000000716e00000|  0%| F|  |TAMS 0x0000000716d00000, 0x0000000716d00000| Untracked 
| 206|0x0000000716e00000, 0x0000000716e00000, 0x0000000716f00000|  0%| F|  |TAMS 0x0000000716e00000, 0x0000000716e00000| Untracked 
| 207|0x0000000716f00000, 0x0000000716f00000, 0x0000000717000000|  0%| F|  |TAMS 0x0000000716f00000, 0x0000000716f00000| Untracked 
| 208|0x0000000717000000, 0x0000000717000000, 0x0000000717100000|  0%| F|  |TAMS 0x0000000717000000, 0x0000000717000000| Untracked 
| 209|0x0000000717100000, 0x0000000717100000, 0x0000000717200000|  0%| F|  |TAMS 0x0000000717100000, 0x0000000717100000| Untracked 
| 210|0x0000000717200000, 0x0000000717200000, 0x0000000717300000|  0%| F|  |TAMS 0x0000000717200000, 0x0000000717200000| Untracked 
| 211|0x0000000717300000, 0x0000000717300000, 0x0000000717400000|  0%| F|  |TAMS 0x0000000717300000, 0x0000000717300000| Untracked 
| 212|0x0000000717400000, 0x0000000717400000, 0x0000000717500000|  0%| F|  |TAMS 0x0000000717400000, 0x0000000717400000| Untracked 
| 213|0x0000000717500000, 0x0000000717500000, 0x0000000717600000|  0%| F|  |TAMS 0x0000000717500000, 0x0000000717500000| Untracked 
| 214|0x0000000717600000, 0x0000000717600000, 0x0000000717700000|  0%| F|  |TAMS 0x0000000717600000, 0x0000000717600000| Untracked 
| 215|0x0000000717700000, 0x0000000717700000, 0x0000000717800000|  0%| F|  |TAMS 0x0000000717700000, 0x0000000717700000| Untracked 
| 216|0x0000000717800000, 0x0000000717800000, 0x0000000717900000|  0%| F|  |TAMS 0x0000000717800000, 0x0000000717800000| Untracked 
| 217|0x0000000717900000, 0x0000000717900000, 0x0000000717a00000|  0%| F|  |TAMS 0x0000000717900000, 0x0000000717900000| Untracked 
| 218|0x0000000717a00000, 0x0000000717a00000, 0x0000000717b00000|  0%| F|  |TAMS 0x0000000717a00000, 0x0000000717a00000| Untracked 
| 219|0x0000000717b00000, 0x0000000717b00000, 0x0000000717c00000|  0%| F|  |TAMS 0x0000000717b00000, 0x0000000717b00000| Untracked 
| 220|0x0000000717c00000, 0x0000000717c00000, 0x0000000717d00000|  0%| F|  |TAMS 0x0000000717c00000, 0x0000000717c00000| Untracked 
| 221|0x0000000717d00000, 0x0000000717d00000, 0x0000000717e00000|  0%| F|  |TAMS 0x0000000717d00000, 0x0000000717d00000| Untracked 
| 222|0x0000000717e00000, 0x0000000717e00000, 0x0000000717f00000|  0%| F|  |TAMS 0x0000000717e00000, 0x0000000717e00000| Untracked 
| 223|0x0000000717f00000, 0x0000000717f00000, 0x0000000718000000|  0%| F|  |TAMS 0x0000000717f00000, 0x0000000717f00000| Untracked 
| 224|0x0000000718000000, 0x0000000718000000, 0x0000000718100000|  0%| F|  |TAMS 0x0000000718000000, 0x0000000718000000| Untracked 
| 225|0x0000000718100000, 0x00000007181f7c60, 0x0000000718200000| 96%| E|  |TAMS 0x0000000718100000, 0x0000000718100000| Complete 
| 226|0x0000000718200000, 0x0000000718300000, 0x0000000718300000|100%| E|CS|TAMS 0x0000000718200000, 0x0000000718200000| Complete 
| 227|0x0000000718300000, 0x0000000718400000, 0x0000000718400000|100%| E|CS|TAMS 0x0000000718300000, 0x0000000718300000| Complete 
| 228|0x0000000718400000, 0x0000000718500000, 0x0000000718500000|100%| E|CS|TAMS 0x0000000718400000, 0x0000000718400000| Complete 
| 229|0x0000000718500000, 0x0000000718600000, 0x0000000718600000|100%| E|CS|TAMS 0x0000000718500000, 0x0000000718500000| Complete 
| 230|0x0000000718600000, 0x0000000718700000, 0x0000000718700000|100%| E|CS|TAMS 0x0000000718600000, 0x0000000718600000| Complete 
| 231|0x0000000718700000, 0x0000000718800000, 0x0000000718800000|100%| E|CS|TAMS 0x0000000718700000, 0x0000000718700000| Complete 
| 232|0x0000000718800000, 0x0000000718900000, 0x0000000718900000|100%| E|CS|TAMS 0x0000000718800000, 0x0000000718800000| Complete 
| 233|0x0000000718900000, 0x0000000718a00000, 0x0000000718a00000|100%| E|CS|TAMS 0x0000000718900000, 0x0000000718900000| Complete 
| 234|0x0000000718a00000, 0x0000000718b00000, 0x0000000718b00000|100%| E|CS|TAMS 0x0000000718a00000, 0x0000000718a00000| Complete 
| 235|0x0000000718b00000, 0x0000000718c00000, 0x0000000718c00000|100%| E|CS|TAMS 0x0000000718b00000, 0x0000000718b00000| Complete 
| 236|0x0000000718c00000, 0x0000000718d00000, 0x0000000718d00000|100%| E|CS|TAMS 0x0000000718c00000, 0x0000000718c00000| Complete 
| 237|0x0000000718d00000, 0x0000000718e00000, 0x0000000718e00000|100%| E|CS|TAMS 0x0000000718d00000, 0x0000000718d00000| Complete 
| 238|0x0000000718e00000, 0x0000000718f00000, 0x0000000718f00000|100%| E|CS|TAMS 0x0000000718e00000, 0x0000000718e00000| Complete 
| 239|0x0000000718f00000, 0x0000000719000000, 0x0000000719000000|100%| E|  |TAMS 0x0000000718f00000, 0x0000000718f00000| Complete 
| 240|0x0000000719000000, 0x0000000719100000, 0x0000000719100000|100%| E|CS|TAMS 0x0000000719000000, 0x0000000719000000| Complete 
| 241|0x0000000719100000, 0x0000000719200000, 0x0000000719200000|100%| E|CS|TAMS 0x0000000719100000, 0x0000000719100000| Complete 
| 242|0x0000000719200000, 0x0000000719300000, 0x0000000719300000|100%| E|CS|TAMS 0x0000000719200000, 0x0000000719200000| Complete 
| 243|0x0000000719300000, 0x0000000719400000, 0x0000000719400000|100%| E|CS|TAMS 0x0000000719300000, 0x0000000719300000| Complete 
| 244|0x0000000719400000, 0x0000000719500000, 0x0000000719500000|100%| E|CS|TAMS 0x0000000719400000, 0x0000000719400000| Complete 
| 245|0x0000000719500000, 0x0000000719600000, 0x0000000719600000|100%| E|CS|TAMS 0x0000000719500000, 0x0000000719500000| Complete 

Card table byte_map: [0x00000299fb570000,0x00000299fbd20000] _byte_map_base: 0x00000299f7d20000

Marking Bits (Prev, Next): (CMBitMap*) 0x00000299f9d69e78, (CMBitMap*) 0x00000299f9d69eb0
 Prev Bits: [0x0000029997330000, 0x000002999b0b0000)
 Next Bits: [0x000002999b0b0000, 0x000002999ee30000)

Polling page: 0x00000299f8480000

Metaspace:

Usage:
  Non-class:      7.61 MB capacity,     7.50 MB ( 99%) used,   101.35 KB (  1%) free+waste,     9.81 KB ( <1%) overhead. 
      Class:    809.00 KB capacity,   744.98 KB ( 92%) used,    59.20 KB (  7%) free+waste,     4.81 KB ( <1%) overhead. 
       Both:      8.40 MB capacity,     8.23 MB ( 98%) used,   160.55 KB (  2%) free+waste,    14.63 KB ( <1%) overhead. 

Virtual space:
  Non-class space:        8.00 MB reserved,       7.75 MB ( 97%) committed 
      Class space:        1.00 GB reserved,     896.00 KB ( <1%) committed 
             Both:        1.01 GB reserved,       8.63 MB ( <1%) committed 

Chunk freelists:
   Non-Class:  1.63 KB
       Class:  2.88 KB
        Both:  4.50 KB

CodeHeap 'non-profiled nmethods': size=119168Kb used=280Kb max_used=280Kb free=118887Kb
 bounds [0x000002998fed0000, 0x0000029990140000, 0x0000029997330000]
CodeHeap 'profiled nmethods': size=119168Kb used=1285Kb max_used=1285Kb free=117882Kb
 bounds [0x0000029988a70000, 0x0000029988ce0000, 0x000002998fed0000]
CodeHeap 'non-nmethods': size=7424Kb used=2770Kb max_used=2801Kb free=4653Kb
 bounds [0x0000029988330000, 0x00000299885f0000, 0x0000029988a70000]
 total_blobs=1239 nmethods=632 adapters=285
 compilation: enabled
              stopped_count=0, restarted_count=0
 full_count=0

Compilation events (10 events):
Event: 0.236 Thread 0x000002999ef35800 nmethod 579 0x0000029988b98f10 code [0x0000029988b990c0, 0x0000029988b99258]
Event: 0.236 Thread 0x000002999ef35800  580       3       com.sun.org.apache.xerces.internal.dom.DeferredDocumentImpl::createDeferredAttribute (95 bytes)
Event: 0.236 Thread 0x000002999f0d5000 nmethod 578 0x0000029988b99390 code [0x0000029988b99540, 0x0000029988b99818]
Event: 0.236 Thread 0x000002999ef35800 nmethod 580 0x0000029988b99910 code [0x0000029988b99b00, 0x0000029988b99e70]
Event: 0.237 Thread 0x000002999f22d000 nmethod 590 0x000002998fef9690 code [0x000002998fef9840, 0x000002998fef9a98]
Event: 0.237 Thread 0x000002999f22d000  594       4       com.sun.org.apache.xerces.internal.impl.XMLEntityScanner::scanContent (690 bytes)
Event: 0.237 Thread 0x000002999f22b000 nmethod 585 0x000002998fef9c90 code [0x000002998fef9e60, 0x000002998fefa1d0]
Event: 0.237 Thread 0x000002999f3e3800 nmethod 591 0x000002998fefa510 code [0x000002998fefa6a0, 0x000002998fefa858]
Event: 0.237 Thread 0x000002999f3f8000 nmethod 589% 0x0000029988b9a010 code [0x0000029988b9a4a0, 0x0000029988b9d440]
Event: 0.238 Thread 0x000002999ef31000 nmethod 586 0x000002998fefa990 code [0x000002998fefab40, 0x000002998fefb038]

GC Heap History (0 events):
No events

Deoptimization events (4 events):
Event: 0.095 Thread 0x00000299f9d09000 Uncommon trap: reason=unstable_if action=reinterpret pc=0x000002998fed4a04 method=java.lang.String.hashCode()I @ 14 c2
Event: 0.168 Thread 0x00000299f9d09000 Uncommon trap: reason=unstable_if action=reinterpret pc=0x000002998fee76a0 method=java.lang.StringLatin1.trim([B)Ljava/lang/String; @ 54 c2
Event: 0.168 Thread 0x00000299f9d09000 Uncommon trap: reason=unstable_if action=reinterpret pc=0x000002998fee4a10 method=java.io.BufferedReader.readLine(Z)Ljava/lang/String; @ 55 c2
Event: 0.231 Thread 0x00000299f9d09000 Uncommon trap: reason=unstable_if action=reinterpret pc=0x000002998fef7018 method=com.sun.org.apache.xerces.internal.impl.XMLEntityScanner.checkBeforeLoad(Lcom/sun/xml/internal/stream/Entity$ScannedEntity;II)I @ 18 c2

Classes redefined (0 events):
No events

Internal exceptions (5 events):
Event: 0.181 Thread 0x00000299f9d09000 Exception <a 'java/lang/NoSuchMethodError'{0x00000007186559d8}: java.lang.invoke.DirectMethodHandle$Holder.invokeStatic(Ljava/lang/Object;Ljava/lang/Object;Ljava/lang/Object;Ljava/lang/Object;Ljava/lang/Object;Ljava/lang/Object;Ljava/lang/Object;Ljava/lan
Event: 0.184 Thread 0x00000299f9d09000 Exception <a 'java/lang/NoSuchMethodError'{0x00000007186638f8}: java.lang.invoke.DirectMethodHandle$Holder.invokeStatic(Ljava/lang/Object;Ljava/lang/Object;Ljava/lang/Object;Ljava/lang/Object;Ljava/lang/Object;Ljava/lang/Object;Ljava/lang/Object;Ljava/lan
Event: 0.185 Thread 0x00000299f9d09000 Exception <a 'java/lang/NoSuchMethodError'{0x0000000718671560}: java.lang.invoke.DirectMethodHandle$Holder.invokeSpecial(Ljava/lang/Object;Ljava/lang/Object;IILjava/lang/Object;Ljava/lang/Object;Ljava/lang/Object;)Ljava/lang/Object;> (0x0000000718671560) 
Event: 0.185 Thread 0x00000299f9d09000 Exception <a 'java/lang/NoSuchMethodError'{0x0000000718674ae8}: java.lang.invoke.DelegatingMethodHandle$Holder.reinvoke_L(Ljava/lang/Object;IILjava/lang/Object;Ljava/lang/Object;Ljava/lang/Object;)Ljava/lang/Object;> (0x0000000718674ae8) thrown at [./open
Event: 0.185 Thread 0x00000299f9d09000 Exception <a 'java/lang/NoSuchMethodError'{0x0000000718678bc8}: java.lang.invoke.DirectMethodHandle$Holder.invokeStatic(Ljava/lang/Object;Ljava/lang/Object;Ljava/lang/Object;Ljava/lang/Object;I)Ljava/lang/Object;> (0x0000000718678bc8) thrown at [./open/sr

Events (10 events):
Event: 0.219 loading class com/sun/org/apache/xerces/internal/impl/XMLScanner$NameType done
Event: 0.219 loading class com/sun/org/apache/xerces/internal/impl/Constants
Event: 0.219 loading class com/sun/org/apache/xerces/internal/impl/Constants done
Event: 0.219 loading class com/sun/org/apache/xerces/internal/impl/Constants$ArrayEnumeration
Event: 0.219 loading class com/sun/org/apache/xerces/internal/impl/Constants$ArrayEnumeration done
Event: 0.225 Thread 0x000002999f3f5000 Thread added: 0x000002999f3f5000
Event: 0.225 Thread 0x000002999f3f8000 Thread added: 0x000002999f3f8000
Event: 0.231 Thread 0x00000299f9d09000 Uncommon trap: trap_request=0xffffff4d fr.pc=0x000002998fef7018 relative=0x0000000000000078
Event: 0.231 Thread 0x00000299f9d09000 DEOPT PACKING pc=0x000002998fef7018 sp=0x000000c8088fec80
Event: 0.231 Thread 0x00000299f9d09000 DEOPT UNPACKING pc=0x00000299883591af sp=0x000000c8088febf0 mode 2


Dynamic libraries:
0x00007ff7143b0000 - 0x00007ff7143f7000 	D:\Java\jdk-11.0.7\bin\java.exe
0x00007fffeb5a0000 - 0x00007fffeb7a9000 	C:\WINDOWS\SYSTEM32\ntdll.dll
0x00007fffea590000 - 0x00007fffea64d000 	C:\WINDOWS\System32\KERNEL32.DLL
0x00007fffe8eb0000 - 0x00007fffe9224000 	C:\WINDOWS\System32\KERNELBASE.dll
0x00007fffea870000 - 0x00007fffea91e000 	C:\WINDOWS\System32\ADVAPI32.dll
0x00007fffea920000 - 0x00007fffea9c3000 	C:\WINDOWS\System32\msvcrt.dll
0x00007fffeb460000 - 0x00007fffeb4fe000 	C:\WINDOWS\System32\sechost.dll
0x00007fffeade0000 - 0x00007fffeaf00000 	C:\WINDOWS\System32\RPCRT4.dll
0x00007fffe9440000 - 0x00007fffe95ec000 	C:\WINDOWS\System32\USER32.dll
0x00007fffe8b00000 - 0x00007fffe8b26000 	C:\WINDOWS\System32\win32u.dll
0x00007fffeb000000 - 0x00007fffeb029000 	C:\WINDOWS\System32\GDI32.dll
0x00007fffe8b30000 - 0x00007fffe8c42000 	C:\WINDOWS\System32\gdi32full.dll
0x00007fffe9230000 - 0x00007fffe92cd000 	C:\WINDOWS\System32\msvcp_win.dll
0x00007fffe8cd0000 - 0x00007fffe8de1000 	C:\WINDOWS\System32\ucrtbase.dll
0x00007fffe7cb0000 - 0x00007fffe7f55000 	C:\WINDOWS\WinSxS\amd64_microsoft.windows.common-controls_6595b64144ccf1df_6.0.22000.120_none_9d947278b86cc467\COMCTL32.dll
0x00007fffe10c0000 - 0x00007fffe10ca000 	C:\WINDOWS\SYSTEM32\VERSION.dll
0x00007fffeaf00000 - 0x00007fffeaf31000 	C:\WINDOWS\System32\IMM32.DLL
0x00007fffd0a10000 - 0x00007fffd0a26000 	D:\Java\jdk-11.0.7\bin\vcruntime140.dll
0x00007fff9dea0000 - 0x00007fff9df4a000 	D:\Java\jdk-11.0.7\bin\msvcp140.dll
0x00007fff79e00000 - 0x00007fff7a961000 	D:\Java\jdk-11.0.7\bin\server\jvm.dll
0x00007fffeb050000 - 0x00007fffeb058000 	C:\WINDOWS\System32\PSAPI.DLL
0x00007fffe29e0000 - 0x00007fffe2a13000 	C:\WINDOWS\SYSTEM32\WINMM.dll
0x00007fffe4d20000 - 0x00007fffe4d29000 	C:\WINDOWS\SYSTEM32\WSOCK32.dll
0x00007fffeb220000 - 0x00007fffeb28f000 	C:\WINDOWS\System32\WS2_32.dll
0x00007fffe7550000 - 0x00007fffe7568000 	C:\WINDOWS\SYSTEM32\kernel.appcore.dll
0x00007fffc9350000 - 0x00007fffc9361000 	D:\Java\jdk-11.0.7\bin\verify.dll
0x00007fffe83e0000 - 0x00007fffe8601000 	C:\WINDOWS\SYSTEM32\DBGHELP.DLL
0x00007fffe8120000 - 0x00007fffe8151000 	C:\WINDOWS\SYSTEM32\dbgcore.DLL
0x00007fffe8c50000 - 0x00007fffe8ccf000 	C:\WINDOWS\System32\bcryptPrimitives.dll
0x00007fffc2c10000 - 0x00007fffc2c39000 	D:\Java\jdk-11.0.7\bin\java.dll
0x00007fffd0a40000 - 0x00007fffd0a4a000 	D:\Java\jdk-11.0.7\bin\jimage.dll
0x00007fffbf800000 - 0x00007fffbf816000 	D:\Java\jdk-11.0.7\bin\zip.dll
0x00007fffe96e0000 - 0x00007fffe9e8e000 	C:\WINDOWS\System32\SHELL32.dll
0x00007fffe6550000 - 0x00007fffe6db7000 	C:\WINDOWS\SYSTEM32\windows.storage.dll
0x00007fffea9d0000 - 0x00007fffead48000 	C:\WINDOWS\System32\combase.dll
0x00007fffe63e0000 - 0x00007fffe6546000 	C:\WINDOWS\SYSTEM32\wintypes.dll
0x00007fffea780000 - 0x00007fffea86a000 	C:\WINDOWS\System32\SHCORE.dll
0x00007fffeaf40000 - 0x00007fffeaf9d000 	C:\WINDOWS\System32\shlwapi.dll
0x00007fffe89c0000 - 0x00007fffe89e1000 	C:\WINDOWS\SYSTEM32\profapi.dll
0x00007fffab170000 - 0x00007fffab189000 	D:\Java\jdk-11.0.7\bin\net.dll
0x00007fffe22e0000 - 0x00007fffe23ec000 	C:\WINDOWS\SYSTEM32\WINHTTP.dll
0x00007fffe7ac0000 - 0x00007fffe7b27000 	C:\WINDOWS\system32\mswsock.dll
0x00007fffaa3e0000 - 0x00007fffaa3f3000 	D:\Java\jdk-11.0.7\bin\nio.dll

dbghelp: loaded successfully - version: 4.0.5 - missing functions: none
symbol engine: initialized successfully - sym options: 0x614 - pdb path: .;D:\Java\jdk-11.0.7\bin;C:\WINDOWS\SYSTEM32;C:\WINDOWS\WinSxS\amd64_microsoft.windows.common-controls_6595b64144ccf1df_6.0.22000.120_none_9d947278b86cc467;D:\Java\jdk-11.0.7\bin\server

VM Arguments:
java_command: ./RankLib-2.16.jar -load ./rank_model/yii2/yii2_MART_model.txt -rank ../data_processing_engineering/rank_data/yii2/yii2_temp_svm_rank_format_data.txt -indri ../data_processing_engineering/rank_data/yii2/yii2_myScoreFile.txt
java_class_path (initial): ./RankLib-2.16.jar
Launcher Type: SUN_STANDARD

[Global flags]
     intx CICompilerCount                          = 12                                        {product} {ergonomic}
     uint ConcGCThreads                            = 3                                         {product} {ergonomic}
     uint G1ConcRefinementThreads                  = 13                                        {product} {ergonomic}
   size_t G1HeapRegionSize                         = 1048576                                   {product} {ergonomic}
    uintx GCDrainStackTargetSize                   = 64                                        {product} {ergonomic}
   size_t InitialHeapSize                          = 257949696                                 {product} {ergonomic}
   size_t MarkStackSize                            = 4194304                                   {product} {ergonomic}
   size_t MaxHeapSize                              = 4127195136                                {product} {ergonomic}
   size_t MaxNewSize                               = 2475687936                                {product} {ergonomic}
   size_t MinHeapDeltaBytes                        = 1048576                                   {product} {ergonomic}
    uintx NonNMethodCodeHeapSize                   = 7594288                                {pd product} {ergonomic}
    uintx NonProfiledCodeHeapSize                  = 122031976                              {pd product} {ergonomic}
    uintx ProfiledCodeHeapSize                     = 122031976                              {pd product} {ergonomic}
    uintx ReservedCodeCacheSize                    = 251658240                              {pd product} {ergonomic}
     bool SegmentedCodeCache                       = true                                      {product} {ergonomic}
     bool UseCompressedClassPointers               = true                                 {lp64_product} {ergonomic}
     bool UseCompressedOops                        = true                                 {lp64_product} {ergonomic}
     bool UseG1GC                                  = true                                      {product} {ergonomic}
     bool UseLargePagesIndividualAllocation        = false                                  {pd product} {ergonomic}

Logging:
Log output configuration:
 #0: stdout all=warning uptime,level,tags
 #1: stderr all=off uptime,level,tags

Environment Variables:
JAVA_HOME=D:\Java\jdk-11.0.7
CLASSPATH=D:\Java\apache-jmeter-5.4.1\lib\ext\ApacheJMeter_core.jar;D:\Java\apache-jmeter-5.4.1\lib\jorphan.jar;D:\Java\apache-jmeter-5.4.1\lib/logkit-2.0.jar

;
PATH=C:\Users\junyujia\AppData\Local\r-miniconda\envs\my_mxnet_env\lib\site-packages\pywin32_system32;C:\Users\junyujia\AppData\Local\r-miniconda\envs\my_mxnet_env;C:\Users\junyujia\AppData\Local\r-miniconda\envs\my_mxnet_env\Library\mingw-w64\bin;C:\Users\junyujia\AppData\Local\r-miniconda\envs\my_mxnet_env\Library\usr\bin;C:\Users\junyujia\AppData\Local\r-miniconda\envs\my_mxnet_env\Library\bin;C:\Users\junyujia\AppData\Local\r-miniconda\envs\my_mxnet_env\Scripts;C:\Users\junyujia\AppData\Local\r-miniconda\envs\my_mxnet_env\bin;C:\Users\junyujia\AppData\Local\r-miniconda\condabin;C:\Program Files (x86)\Common Files\Intel\Shared Libraries\redist\intel64\compiler;C:\Windows\system32;C:\Windows;C:\Windows\System32\Wbem;C:\Windows\System32\WindowsPowerShell\v1.0;C:\Windows\System32\OpenSSH;C:\Program Files (x86)\NVIDIA Corporation\PhysX\Common;C:\Program Files\NVIDIA Corporation\NVIDIA NvDLISR;D:\Java\jdk-11.0.7\bin;C:\Program Files\MySQL\MySQL Server 8.0\bin;D:\Java\apache-maven-3.6.3\bin;C:\Program Files\Microsoft SQL Server\130\Tools\Binn;D:\Program Files\nodejs;C:\Program Files\PuTTY;D:\Python\Python38;D:\Program Files\Git\cmd;D:\Program Files\erl9.2\bin;D:\Program Files\erl9.2\bin;D:\Program Files\Graphviz\bin;C:\WINDOWS\system32;C:\WINDOWS;C:\WINDOWS\System32\Wbem;C:\WINDOWS\System32\WindowsPowerShell\v1.0;C:\WINDOWS\System32\OpenSSH;D:\Python\Python38\Scripts;D:\Program Files (x86)\Git\cmd;D:\nodejs\node_global;C:\Users\junyujia\AppData\Local\Programs\Microsoft VS Code\bin;D:\Program Files\JetBrains\IntelliJ IDEA 2021.2.3\bin;.;D:\Program Files\Graphviz\bin;C:\Users\junyujia\AppData\Local\Microsoft\WindowsApps;D:\Python\Python38\Scripts;.;C:\Users\junyujia\AppData\Local\r-miniconda\envs\my_mxnet_env\lib\site-packages\numpy\.libs
USERNAME=junyujia
OS=Windows_NT
PROCESSOR_IDENTIFIER=AMD64 Family 23 Model 96 Stepping 1, AuthenticAMD



---------------  S Y S T E M  ---------------

OS: Windows 10 , 64 bit Build 22000 (10.0.22000.434)

CPU:total 16 (initial active 16) (16 cores per cpu, 2 threads per core) family 23 model 96 stepping 1, cmov, cx8, fxsr, mmx, sse, sse2, sse3, ssse3, sse4.1, sse4.2, popcnt, avx, avx2, aes, clmul, mmxext, 3dnowpref, lzcnt, sse4a, ht, tsc, tscinvbit, tscinv, bmi1, bmi2, adx, sha, fma

Memory: 4k page, system-wide physical 15741M (7020M free)
TotalPageFile size 23677M (AvailPageFile size 10652M)
current process WorkingSet (physical memory assigned to process): 120M, peak: 120M
current process commit charge ("private bytes"): 387M, peak: 387M

vm_info: Java HotSpot(TM) 64-Bit Server VM (11.0.7+8-LTS) for windows-amd64 JRE (11.0.7+8-LTS), built on Mar 12 2020 02:04:32 by "mach5one" with MS VC++ 15.5 (VS2017)

END.
